No   IGT            Start RTA      End RTA        Length     Retime?    Reason / Notice
1    00:25.005      00:24.927      00:40.322      15.395                Paused by leave the world, Unpause by moved mouse
2    13:52.460      14:07.815      15:08.085      60.270     60.270     Paused by player, Unpause by player
3    14:49.460      16:05.097      16:09.989      4.892      4.892      Paused by player, Unpause by player
4    15:46.810      17:07.364      17:13.040      5.676      5.676      Paused by player, Unpause by player
5    15:50.610      17:16.823      17:18.300      1.477      1.477      Paused by player, Unpause by player
6    17:10.710      18:38.397      18:58.859      20.462     20.462     Paused by player, Unpause by player
7    25:05.610      26:53.732      27:19.969      26.237     26.237     Paused by player, Unpause by player
8    25:07.510      27:21.856      27:31.867      10.011     10.011     Paused by player, Unpause by player
9    25:09.610      27:33.973      27:36.660      2.687      2.687      Paused by player, Unpause by player
10   25:10.010      27:37.049      27:50.351      13.302     13.302     Paused by player, Unpause by player
11   25:15.360      27:55.685      29:06.891      71.206     71.206     Paused by player, Unpause by player
12   25:16.660      29:08.171      29:33.854      25.683     25.683     Paused by player, Unpause by player
13   25:17.560      29:34.750      30:20.414      45.664     45.664     Paused by player, Unpause by player
14   25:34.610      30:37.466      30:43.433      5.967      5.967      Paused by player, Unpause by player
1    25:59.860      31:08.664      31:16.516      7.852                 Paused by leave the world, Unpause by rendered
2    26:39.607      31:56.267      32:35.505      39.238     39.238     Paused by player, Unpause by player
3    26:43.157      32:39.020      32:58.339      19.319     19.319     Paused by player, Unpause by player
4    27:21.807      33:36.983      33:38.161      1.178      1.178      Paused by player, Unpause by player
5    27:22.307      33:38.629      33:39.452      0.823      0.823      Paused by player, Unpause by player
0    28:51.557      35:08.721      40:54.818      346.097               Paused by player, Unpause by rendered
1    29:13.740      41:16.983      41:35.504      18.521     18.521     Paused by player, Unpause by player
2    29:17.290      41:39.018      41:47.483      8.465      8.465      Paused by player, Unpause by player
3    29:20.740      41:50.932      41:53.995      3.063      3.063      Paused by player, Unpause by player
4    29:21.540      41:54.777      42:01.488      6.711      6.711      Paused by player, Unpause by player
5    29:44.290      42:24.216      42:33.193      8.977      8.977      Paused by player, Unpause by player
6    29:48.690      42:37.593      42:44.781      7.188      7.188      Paused by player, Unpause by player
7    29:49.490      42:45.543      42:45.871      0.328      0.328      Paused by player, Unpause by player
8    30:09.290      43:05.657      43:15.375      9.718      9.718      Paused by player, Unpause by player
9    30:14.940      43:20.990      43:23.461      2.471      2.471      Paused by player, Unpause by player
10   30:19.540      43:28.055      43:31.544      3.489      3.489      Paused by player, Unpause by player
11   30:20.240      43:32.198      43:34.766      2.568      2.568      Paused by player, Unpause by player
12   30:25.940      43:40.453      43:43.997      3.544      3.544      Paused by player, Unpause by player
13   30:43.490      44:01.542      44:03.710      2.168      2.168      Paused by player, Unpause by player
14   30:52.490      44:12.685      44:15.781      3.096      3.096      Paused by player, Unpause by player
15   30:59.240      44:22.509      44:24.809      2.300      2.300      Paused by player, Unpause by player
16   31:06.190      44:31.736      44:34.662      2.926      2.926      Paused by player, Unpause by player
17   31:09.590      44:38.064      44:44.153      6.089      6.089      Paused by player, Unpause by player
0    31:09.740      44:44.276      45:07.833      23.557                Paused by player, Unpause by changed look direction
1    31:12.401      45:10.486      45:12.655      2.169      2.169      Paused by player, Unpause by player
2    31:14.501      45:14.728      45:16.287      1.559      1.559      Paused by player, Unpause by player
3    31:17.351      45:19.108      45:19.794      0.686      0.686      Paused by player, Unpause by player
4    31:18.601      45:21.027      45:21.523      0.496      0.496      Paused by player, Unpause by player
5    31:19.551      45:22.461      45:26.738      4.277      4.277      Paused by player, Unpause by player
6    31:20.501      45:27.652      45:47.177      19.525     19.525     Paused by player, Unpause by player
7    31:21.151      45:47.817      45:48.234      0.417      0.417      Paused by player, Unpause by player
8    31:21.501      45:48.556      45:58.199      9.643      9.643      Paused by player, Unpause by player
9    31:22.251      45:58.930      46:09.216      10.286     10.286     Paused by player, Unpause by player
10   31:22.601      46:09.560      46:09.960      0.400      0.400      Paused by player, Unpause by player
11   31:40.801      46:28.151      46:39.009      10.858     10.858     Paused by player, Unpause by player
12   31:54.501      46:52.698      46:56.971      4.273      4.273      Paused by player, Unpause by player
13   32:10.851      47:13.282      47:13.644      0.362      0.362      Paused by player, Unpause by player
14   32:11.601      47:14.395      47:23.482      9.087      9.087      Paused by player, Unpause by player
15   32:18.001      47:29.846      47:30.551      0.705      0.705      Paused by player, Unpause by player
16   32:18.601      47:31.110      47:31.884      0.774      0.774      Paused by player, Unpause by player
17   32:18.751      47:32.020      47:37.413      5.393      5.393      Paused by player, Unpause by player
0    32:18.951      47:37.635      48:02.896      25.261                Paused by player, Unpause by rendered
1    32:20.038      48:03.964      48:04.288      0.324      0.324      Paused by player, Unpause by player
2    32:20.788      48:05.036      48:15.357      10.321     10.321     Paused by player, Unpause by player
3    32:32.038      48:26.586      48:33.689      7.103      7.103      Paused by player, Unpause by player
4    32:39.838      48:41.463      48:44.989      3.526      3.526      Paused by player, Unpause by player
5    32:40.938      48:46.089      48:47.946      1.857      1.857      Paused by player, Unpause by player
6    32:51.188      48:58.189      49:06.150      7.961      7.961      Paused by player, Unpause by player
7    32:52.438      49:07.378      49:11.017      3.639      3.639      Paused by player, Unpause by player
8    33:03.638      49:22.209      49:23.230      1.021      1.021      Paused by player, Unpause by player
9    33:16.438      49:36.001      49:36.644      0.643      0.643      Paused by player, Unpause by player
10   33:17.988      49:38.174      49:42.971      4.797      4.797      Paused by player, Unpause by player
11   33:20.188      49:45.155      49:48.719      3.564      3.564      Paused by player, Unpause by player
12   33:38.438      50:06.938      50:14.081      7.143      7.143      Paused by player, Unpause by player
13   33:39.438      50:15.055      50:15.472      0.417      0.417      Paused by player, Unpause by player
14   33:40.038      50:16.034      50:34.403      18.369     18.369     Paused by player, Unpause by player
15   33:53.338      50:47.694      50:54.468      6.774      6.774      Paused by player, Unpause by player
16   34:04.888      51:05.987      51:12.041      6.054      6.054      Paused by player, Unpause by player
17   34:06.438      51:13.559      51:14.792      1.233      1.233      Paused by player, Unpause by player
18   34:12.788      51:21.127      51:21.939      0.812      0.812      Paused by player, Unpause by player
19   34:19.038      51:28.166      51:28.624      0.458      0.458      Paused by player, Unpause by player
20   34:23.388      51:32.939      51:36.579      3.640      3.640      Paused by player, Unpause by player
21   34:24.238      51:37.407      51:42.349      4.942      4.942      Paused by player, Unpause by player
22   34:25.838      51:43.932      51:44.705      0.773      0.773      Paused by player, Unpause by player
23   34:27.938      51:46.770      51:47.092      0.322      0.322      Paused by player, Unpause by player
24   34:28.688      51:47.834      51:48.763      0.929      0.929      Paused by player, Unpause by player
25   34:31.038      51:51.093      51:57.371      6.278      6.278      Paused by player, Unpause by player
26   34:31.438      51:57.756      51:59.245      1.489      1.489      Paused by player, Unpause by player
27   34:56.188      52:23.992      52:31.507      7.515      7.515      Paused by player, Unpause by player
28   34:56.838      52:32.155      52:57.224      25.069     20.069     Paused by player, Unpause by player / changed option
29   37:03.488      55:03.879      55:04.257      0.378      0.378      Paused by player, Unpause by player
30   45:36.638      1:03:37.389    1:03:40.077    2.688      2.688      Paused by player, Unpause by player
31   45:43.088      1:03:46.521    1:03:52.754    6.233      6.233      Paused by player, Unpause by player
32   45:45.788      1:03:55.417    1:03:55.857    0.440      0.440      Paused by player, Unpause by player
33   45:58.388      1:04:08.450    1:04:08.987    0.537      0.537      Paused by player, Unpause by player
34   46:03.238      1:04:13.823    1:04:16.000    2.177      2.177      Paused by player, Unpause by player
35   46:36.588      1:04:49.308    1:04:57.099    7.791      7.791      Paused by player, Unpause by player
36   50:42.138      1:09:02.623    1:09:05.783    3.160      3.160      Paused by player, Unpause by player
37   50:46.338      1:09:09.945    1:09:13.229    3.284      3.284      Paused by player, Unpause by player
38   50:50.638      1:09:17.509    1:09:18.564    1.055      1.055      Paused by player, Unpause by player
39   50:51.238      1:09:19.138    1:09:21.200    2.062      2.062      Paused by player, Unpause by player
40   52:20.038      1:10:49.961    1:10:54.018    4.057      4.057      Paused by player, Unpause by player
41   53:30.088      1:12:04.074    1:12:09.689    5.615      5.615      Paused by player, Unpause by player
42   55:37.638      1:14:17.227    1:14:29.457    12.230     12.230     Paused by player, Unpause by player
43   57:45.588      1:16:37.365    1:16:39.032    1.667      1.667      Paused by player, Unpause by player
44   57:47.388      1:16:40.823    1:16:46.139    5.316      5.316      Paused by player, Unpause by player
45   58:30.988      1:17:29.714    1:17:33.871    4.157      4.157      Paused by player, Unpause by player
46   59:11.588      1:18:14.442    1:18:33.088    18.646     18.646     Paused by player, Unpause by player
47   1:05:02.988    1:24:24.465    1:24:30.048    5.583      5.583      Paused by player, Unpause by player
48   1:05:48.938    1:25:16.033    1:25:16.450    0.417      0.417      Paused by player, Unpause by player
49   1:05:57.088    1:25:24.610    1:51:19.231    1554.621   1554.621   Paused by player, Unpause by player
50   1:08:09.188    1:53:31.333    1:54:08.034    36.701     36.701     Paused by player, Unpause by player
51   1:11:03.038    1:57:01.884    1:57:15.869    13.985     13.985     Paused by player, Unpause by player
52   1:11:17.588    1:57:30.387    1:57:31.096    0.709      0.709      Paused by player, Unpause by player
53   1:11:18.438    1:57:31.906    1:57:43.983    12.077     12.077     Paused by player, Unpause by player
54   1:11:18.588    1:57:44.153    1:57:44.476    0.323      0.323      Paused by player, Unpause by player
55   1:11:20.638    1:57:46.485    1:58:09.652    23.167     23.167     Paused by player, Unpause by player
56   1:12:34.638    1:59:23.645    1:59:26.999    3.354      3.354      Paused by player, Unpause by player
57   1:12:43.638    1:59:35.988    1:59:45.811    9.823      9.823      Paused by player, Unpause by player
58   1:14:15.488    2:01:17.644    2:01:21.476    3.832      3.832      Paused by player, Unpause by player
59   1:14:26.888    2:01:32.874    2:01:36.701    3.827      3.827      Paused by player, Unpause by player
60   1:18:44.538    2:05:54.309    2:05:59.107    4.798      4.798      Paused by player, Unpause by player
61   1:18:45.888    2:06:00.416    2:06:07.987    7.571      7.571      Paused by player, Unpause by player
62   1:19:00.788    2:06:22.875    2:06:27.267    4.392      4.392      Paused by player, Unpause by player
63   1:19:04.738    2:06:31.210    2:06:35.663    4.453      4.453      Paused by player, Unpause by player
64   1:20:34.288    2:08:05.205    2:08:07.379    2.174      2.174      Paused by player, Unpause by player
65   1:20:38.088    2:08:11.148    2:08:12.887    1.739      1.739      Paused by player, Unpause by player
66   1:20:41.838    2:08:16.615    2:08:19.945    3.330      3.330      Paused by player, Unpause by player
67   1:20:47.438    2:08:25.547    2:08:29.503    3.956      3.956      Paused by player, Unpause by player
68   1:24:25.088    2:12:07.139    2:13:30.895    83.756     83.756     Paused by player, Unpause by player
69   1:24:52.238    2:13:58.065    2:14:16.615    18.550     18.550     Paused by player, Unpause by player
70   1:24:53.538    2:14:17.896    2:14:20.478    2.582      2.582      Paused by player, Unpause by player
71   1:24:56.038    2:14:22.932    2:14:23.878    0.946      0.946      Paused by player, Unpause by player
72   1:25:37.688    2:15:05.495    2:15:07.881    2.386      2.386      Paused by player, Unpause by player
73   1:27:14.838    2:16:44.999    2:16:46.309    1.310      1.310      Paused by player, Unpause by player
74   1:28:07.488    2:17:38.917    2:17:42.915    3.998      3.998      Paused by player, Unpause by player
75   1:28:08.238    2:17:43.629    2:18:02.209    18.580     18.580     Paused by player, Unpause by player
76   1:28:16.938    2:18:10.891    2:18:19.954    9.063      9.063      Paused by player, Unpause by player
77   1:28:21.138    2:18:24.123    2:18:25.224    1.101      1.101      Paused by player, Unpause by player
78   1:28:22.238    2:18:26.292    2:18:26.864    0.572      0.572      Paused by player, Unpause by player
1    1:28:25.438    2:18:30.094    2:18:37.791    7.697                 Paused by leave the world, Unpause by rendered
2    1:28:31.942    2:18:44.297    2:18:45.181    0.884      0.884      Paused by player, Unpause by player
3    1:28:34.992    2:18:48.196    2:18:48.867    0.671      0.671      Paused by player, Unpause by player
4    1:28:35.192    2:18:49.065    2:18:49.427    0.362      0.362      Paused by player, Unpause by player
5    1:28:43.642    2:18:57.894    2:19:12.137    14.243     14.243     Paused by player, Unpause by player
6    1:28:46.092    2:19:14.576    2:21:57.645    163.069    163.069    Paused by player, Unpause by player
7    1:29:08.342    2:22:19.871    2:23:07.143    47.272     47.272     Paused by player, Unpause by player
8    1:29:11.042    2:23:09.845    2:23:11.917    2.072      2.072      Paused by player, Unpause by player
9    1:29:29.942    2:23:30.799    2:24:13.824    43.025     43.025     Paused by player, Unpause by player
10   1:29:30.142    2:24:13.977    2:24:16.172    2.195      2.195      Paused by player, Unpause by player
11   1:29:32.742    2:24:18.727    2:24:19.085    0.358      0.358      Paused by player, Unpause by player
12   1:29:33.342    2:24:19.635    2:24:31.201    11.566     11.566     Paused by player, Unpause by player
13   1:29:34.792    2:24:32.640    2:24:33.639    0.999      0.999      Paused by player, Unpause by player
14   1:29:37.442    2:24:36.274    2:24:36.831    0.557      0.557      Paused by player, Unpause by player
15   1:29:44.092    2:24:43.464    2:24:44.215    0.751      0.751      Paused by player, Unpause by player
16   1:30:04.742    2:25:04.845    2:25:11.175    6.330      6.330      Paused by player, Unpause by player
17   1:30:05.792    2:25:12.176    2:26:02.752    50.576     50.576     Paused by player, Unpause by player
18   1:30:11.592    2:26:08.528    2:26:09.464    0.936      0.936      Paused by player, Unpause by player
19   1:30:12.842    2:26:10.706    2:26:11.653    0.947      0.947      Paused by player, Unpause by player
20   1:30:14.492    2:26:13.322    2:26:14.640    1.318      1.318      Paused by player, Unpause by player
21   1:30:14.842    2:26:14.965    2:26:36.277    21.312     21.312     Paused by player, Unpause by player
22   1:30:32.892    2:26:54.291    2:28:07.524    73.233     73.233     Paused by player, Unpause by player
23   1:30:44.942    2:28:19.555    2:28:20.054    0.499      0.499      Paused by player, Unpause by player
24   1:30:46.342    2:28:21.436    2:28:21.874    0.438      0.438      Paused by player, Unpause by player
25   1:30:53.042    2:28:28.563    2:28:36.279    7.716      7.716      Paused by player, Unpause by player
26   1:31:10.692    2:28:53.905    2:29:11.426    17.521     17.521     Paused by player, Unpause by player
27   1:31:16.592    2:29:17.281    2:29:46.328    29.047     29.047     Paused by player, Unpause by player
28   1:31:28.192    2:29:57.889    2:29:58.484    0.595      0.595      Paused by player, Unpause by player
29   1:31:29.242    2:29:59.498    2:30:00.443    0.945      0.945      Paused by player, Unpause by player
30   1:31:44.142    2:30:15.311    2:30:20.890    5.579      5.579      Paused by player, Unpause by player
31   1:31:49.142    2:30:25.880    2:30:53.247    27.367     27.367     Paused by player, Unpause by player
32   1:31:57.942    2:31:02.020    2:31:02.462    0.442      0.442      Paused by player, Unpause by player
33   1:32:08.142    2:31:12.644    2:31:13.073    0.429      0.429      Paused by player, Unpause by player
34   1:32:16.592    2:31:21.474    2:31:28.022    6.548      6.548      Paused by player, Unpause by player
35   1:32:24.942    2:31:36.329    2:31:39.345    3.016      3.016      Paused by player, Unpause by player
36   1:32:34.792    2:31:49.183    2:31:53.556    4.373      4.373      Paused by player, Unpause by player
37   1:32:40.442    2:31:59.172    2:32:03.633    4.461      4.461      Paused by player, Unpause by player
38   1:32:43.242    2:32:06.393    2:32:09.164    2.771      2.771      Paused by player, Unpause by player
39   1:32:43.592    2:32:09.502    2:32:32.374    22.872     22.872     Paused by player, Unpause by player
40   1:32:47.992    2:32:36.739    2:32:37.148    0.409      0.409      Paused by player, Unpause by player
41   1:32:58.192    2:32:47.303    2:32:48.392    1.089      1.089      Paused by player, Unpause by player
42   1:33:10.942    2:33:01.110    2:33:04.348    3.238      3.238      Paused by player, Unpause by player
43   1:33:11.992    2:33:05.377    2:33:07.441    2.064      2.064      Paused by player, Unpause by player
44   1:34:30.942    2:34:26.355    2:34:26.715    0.360      0.360      Paused by player, Unpause by player
45   1:34:33.542    2:34:29.271    2:34:29.533    0.262      0.262      Paused by player, Unpause by player
46   1:34:33.892    2:34:29.878    2:34:30.247    0.369      0.369      Paused by player, Unpause by player
47   1:34:40.042    2:34:36.374    2:34:45.470    9.096      9.096      Paused by player, Unpause by player
48   1:34:50.842    2:34:56.249    2:34:57.890    1.641      1.641      Paused by player, Unpause by player
49   1:34:55.342    2:35:02.380    2:35:02.923    0.543      0.543      Paused by player, Unpause by player
50   1:35:12.642    2:35:20.257    2:35:20.939    0.682                 Paused by player, Unpause by player / changed option
51   1:35:13.342    2:35:21.614    2:35:22.215    0.601                 Paused by player, Unpause by player / changed option
52   1:35:32.042    2:35:40.879    2:35:43.219    2.340      2.340      Paused by player, Unpause by player
53   1:36:01.442    2:36:12.598    2:36:18.439    5.841      5.841      Paused by player, Unpause by player
54   1:36:24.142    2:36:41.126    2:36:54.649    13.523     13.523     Paused by player, Unpause by player
55   1:36:28.192    2:36:58.665    2:37:02.516    3.851      3.851      Paused by player, Unpause by player
56   1:36:33.442    2:37:07.734    2:37:10.435    2.701      2.701      Paused by player, Unpause by player
57   1:37:13.842    2:37:50.804    2:37:52.056    1.252      1.252      Paused by player, Unpause by player
58   1:37:42.642    2:38:20.819    2:38:26.592    5.773      5.773      Paused by player, Unpause by player
59   1:37:57.392    2:38:41.332    2:38:41.879    0.547      0.547      Paused by player, Unpause by player
60   1:39:24.042    2:40:08.525    2:41:38.547    90.022     90.022     Paused by player, Unpause by player
61   1:39:27.992    2:41:42.471    2:41:48.047    5.576      5.576      Paused by player, Unpause by player
62   1:39:34.442    2:41:54.495    2:41:55.148    0.653      0.653      Paused by player, Unpause by player
63   1:39:39.642    2:42:00.345    2:42:08.498    8.153      8.153      Paused by player, Unpause by player
64   1:39:46.892    2:42:15.742    2:42:16.732    0.990      0.990      Paused by player, Unpause by player
65   1:39:53.642    2:42:23.437    2:42:58.018    34.581     34.581     Paused by player, Unpause by player
66   1:39:57.892    2:43:02.239    2:43:27.676    25.437     25.437     Paused by player, Unpause by player
67   1:40:05.842    2:43:35.609    2:43:51.234    15.625     15.625     Paused by player, Unpause by player
68   1:40:07.042    2:43:52.394    2:44:07.885    15.491     15.491     Paused by player, Unpause by player
69   1:40:34.692    2:44:35.503    2:44:59.545    24.042     24.042     Paused by player, Unpause by player
70   1:40:41.692    2:45:06.525    2:45:06.995    0.470      0.470      Paused by player, Unpause by player
71   1:40:41.942    2:45:07.204    2:45:16.159    8.955      8.955      Paused by player, Unpause by player
72   1:41:15.892    2:45:50.066    2:45:51.470    1.404      1.404      Paused by player, Unpause by player
73   1:41:16.792    2:45:52.371    2:45:53.225    0.854      0.854      Paused by player, Unpause by player
74   1:41:34.892    2:46:11.323    2:46:11.867    0.544      0.544      Paused by player, Unpause by player
75   1:41:48.392    2:46:25.369    2:46:25.900    0.531      0.531      Paused by player, Unpause by player
76   1:42:01.942    2:46:39.425    2:46:44.311    4.886      4.886      Paused by player, Unpause by player
77   1:42:06.392    2:46:48.750    2:46:51.271    2.521      2.521      Paused by player, Unpause by player
78   1:42:14.242    2:46:59.085    2:47:00.533    1.448      1.448      Paused by player, Unpause by player
79   1:42:14.742    2:47:01.006    2:47:03.629    2.623      2.623      Paused by player, Unpause by player
80   1:42:14.992    2:47:03.877    2:47:04.208    0.331      0.331      Paused by player, Unpause by player
81   1:42:39.642    2:47:28.827    2:47:30.356    1.529      1.529      Paused by player, Unpause by player
82   1:42:40.242    2:47:30.945    2:47:34.162    3.217      3.217      Paused by player, Unpause by player
83   1:42:41.092    2:47:34.988    2:47:38.183    3.195      3.195      Paused by player, Unpause by player
84   1:43:11.142    2:48:08.209    2:48:11.918    3.709      3.709      Paused by player, Unpause by player
85   1:43:17.692    2:48:18.436    2:48:21.624    3.188      3.188      Paused by player, Unpause by player
86   1:43:18.292    2:48:22.206    2:48:22.970    0.764      0.764      Paused by player, Unpause by player
87   1:43:18.892    2:48:23.537    2:48:26.742    3.205      3.205      Paused by player, Unpause by player
88   1:43:42.592    2:48:50.403    2:48:52.677    2.274      2.274      Paused by player, Unpause by player
89   1:43:44.692    2:48:54.763    2:48:58.123    3.360      3.360      Paused by player, Unpause by player
90   1:44:14.992    2:49:28.407    2:50:22.533    54.126     54.126     Paused by player, Unpause by player
91   1:44:18.942    2:50:26.437    2:50:27.886    1.449      1.449      Paused by player, Unpause by player
92   1:44:21.792    2:50:30.690    2:50:33.910    3.220      3.220      Paused by player, Unpause by player
93   1:44:24.192    2:50:36.299    2:50:36.974    0.675      0.675      Paused by player, Unpause by player
94   1:44:33.992    2:50:46.735    2:50:53.494    6.759      6.759      Paused by player, Unpause by player
95   1:44:34.292    2:50:53.796    2:50:56.195    2.399      2.399      Paused by player, Unpause by player
96   1:44:34.492    2:50:56.396    2:51:00.323    3.927      3.927      Paused by player, Unpause by player
97   1:44:36.642    2:51:02.450    2:51:07.261    4.811      4.811      Paused by player, Unpause by player
98   1:45:15.942    2:51:46.529    2:51:48.909    2.380      2.380      Paused by player, Unpause by player
99   1:45:34.042    2:52:06.999    2:52:09.047    2.048      2.048      Paused by player, Unpause by player
100  1:45:57.842    2:52:32.841    2:52:34.753    1.912      1.912      Paused by player, Unpause by player
101  1:45:58.092    2:52:34.979    2:52:36.055    1.076      1.076      Paused by player, Unpause by player
102  1:46:22.742    2:53:00.704    2:53:04.415    3.711      3.711      Paused by player, Unpause by player
103  1:46:24.042    2:53:05.704    2:53:09.490    3.786      3.786      Paused by player, Unpause by player
104  1:46:24.692    2:53:10.093    2:53:18.538    8.445      8.445      Paused by player, Unpause by player
105  1:46:25.392    2:53:19.198    2:53:19.835    0.637      0.637      Paused by player, Unpause by player
106  1:46:25.642    2:53:20.055    2:53:20.396    0.341      0.341      Paused by player, Unpause by player
107  1:46:34.442    2:53:29.180    2:53:31.677    2.497      2.497      Paused by player, Unpause by player
108  1:46:59.492    2:53:56.711    2:54:03.876    7.165      7.165      Paused by player, Unpause by player
109  1:47:26.592    2:54:30.948    2:54:33.538    2.590      2.590      Paused by player, Unpause by player
110  1:47:27.842    2:54:34.766    2:54:35.744    0.978      0.978      Paused by player, Unpause by player
111  1:47:28.542    2:54:36.397    2:54:40.687    4.290      4.290      Paused by player, Unpause by player
112  1:47:54.992    2:55:07.105    2:55:15.288    8.183      8.183      Paused by player, Unpause by player
113  1:47:57.242    2:55:17.543    2:55:18.756    1.213      1.213      Paused by player, Unpause by player
114  1:47:58.942    2:55:20.436    2:55:20.801    0.365      0.365      Paused by player, Unpause by player
115  1:47:59.142    2:55:20.958    2:55:26.033    5.075      5.075      Paused by player, Unpause by player
116  1:48:08.892    2:55:35.766    2:55:36.071    0.305      0.305      Paused by player, Unpause by player
117  1:48:10.242    2:55:37.400    2:55:40.149    2.749      2.749      Paused by player, Unpause by player
118  1:48:12.192    2:55:42.079    2:55:49.895    7.816      7.816      Paused by player, Unpause by player
119  1:48:13.092    2:55:50.764    2:55:54.588    3.824      3.824      Paused by player, Unpause by player
120  1:48:16.592    2:55:58.078    2:56:00.863    2.785      2.785      Paused by player, Unpause by player
121  1:48:40.742    2:56:24.969    2:56:45.167    20.198     20.198     Paused by player, Unpause by player
122  1:49:04.242    2:57:08.624    2:57:14.262    5.638      5.638      Paused by player, Unpause by player
123  1:49:04.792    2:57:14.782    2:57:18.822    4.040      4.040      Paused by player, Unpause by player
124  1:49:05.192    2:57:19.204    2:57:22.540    3.336      3.336      Paused by player, Unpause by player
125  1:49:13.642    2:57:30.988    2:57:32.710    1.722      1.722      Paused by player, Unpause by player
126  1:49:19.892    2:57:38.937    2:57:46.629    7.692      7.692      Paused by player, Unpause by player
127  1:49:21.192    2:57:47.912    2:57:54.588    6.676      6.676      Paused by player, Unpause by player
128  1:49:22.592    2:57:55.952    2:57:58.534    2.582      2.582      Paused by player, Unpause by player
129  1:49:27.142    2:58:03.060    2:58:11.132    8.072      8.072      Paused by player, Unpause by player
130  1:49:28.142    2:58:12.087    2:58:12.731    0.644      0.644      Paused by player, Unpause by player
131  1:49:28.992    2:58:13.542    2:58:14.086    0.544      0.544      Paused by player, Unpause by player
132  1:49:29.392    2:58:14.454    2:58:21.430    6.976      6.976      Paused by player, Unpause by player
133  1:49:29.892    2:58:21.923    2:58:23.137    1.214      1.214      Paused by player, Unpause by player
134  1:49:30.242    2:58:23.466    2:58:26.466    3.000      3.000      Paused by player, Unpause by player
135  1:49:30.842    2:58:27.048    2:58:27.972    0.924      0.924      Paused by player, Unpause by player
136  1:49:31.492    2:58:28.580    2:58:29.585    1.005      1.005      Paused by player, Unpause by player
137  1:49:32.442    2:58:30.488    2:58:31.739    1.251      1.251      Paused by player, Unpause by player
138  1:49:32.742    2:58:31.993    2:58:35.354    3.361      3.361      Paused by player, Unpause by player
139  1:49:33.492    2:58:36.096    2:58:36.864    0.768      0.768      Paused by player, Unpause by player
140  1:49:34.042    2:58:37.386    2:58:38.396    1.010      1.010      Paused by player, Unpause by player
141  1:49:34.592    2:58:38.910    2:58:39.754    0.844      0.844      Paused by player, Unpause by player
142  1:49:35.242    2:58:40.371    2:58:41.205    0.834      0.834      Paused by player, Unpause by player
143  1:49:35.942    2:58:41.890    2:58:42.368    0.478      0.478      Paused by player, Unpause by player
144  1:49:36.342    2:58:42.722    2:58:43.240    0.518      0.518      Paused by player, Unpause by player
145  1:49:36.892    2:58:43.775    2:58:44.150    0.375      0.375      Paused by player, Unpause by player
146  1:49:37.942    2:58:45.164    2:58:45.518    0.354      0.354      Paused by player, Unpause by player
147  1:49:54.192    2:59:01.727    2:59:02.165    0.438      0.438      Paused by player, Unpause by player
148  1:50:42.242    2:59:50.188    2:59:51.958    1.770      1.770      Paused by player, Unpause by player
149  1:50:44.892    2:59:54.565    2:59:56.717    2.152      2.152      Paused by player, Unpause by player
150  1:51:14.542    3:00:26.367    3:00:26.698    0.331      0.331      Paused by player, Unpause by player
151  1:51:14.742    3:00:26.870    3:00:31.434    4.564      4.564      Paused by player, Unpause by player
152  1:51:15.042    3:00:31.731    3:00:32.036    0.305      0.305      Paused by player, Unpause by player
153  1:51:25.842    3:00:42.789    3:00:43.635    0.846      0.846      Paused by player, Unpause by player
154  1:51:26.242    3:00:43.993    3:00:45.990    1.997      1.997      Paused by player, Unpause by player
155  1:51:27.492    3:00:47.206    3:00:50.206    3.000      3.000      Paused by player, Unpause by player
156  1:51:28.242    3:00:50.920    3:00:53.141    2.221      2.221      Paused by player, Unpause by player
157  1:51:28.542    3:00:53.432    3:00:57.352    3.920      3.920      Paused by player, Unpause by player
158  1:51:29.542    3:00:58.324    3:01:01.887    3.563      3.563      Paused by player, Unpause by player
159  1:51:30.542    3:01:02.846    3:01:03.360    0.514      0.514      Paused by player, Unpause by player
160  1:51:31.092    3:01:03.907    3:01:04.581    0.674      0.674      Paused by player, Unpause by player
161  1:51:31.542    3:01:05.003    3:01:07.456    2.453      2.453      Paused by player, Unpause by player
162  1:51:32.392    3:01:08.274    3:01:12.706    4.432      4.432      Paused by player, Unpause by player
163  1:51:33.542    3:01:13.843    3:01:16.129    2.286      2.286      Paused by player, Unpause by player
164  1:51:34.442    3:01:17.030    3:01:19.127    2.097      2.097      Paused by player, Unpause by player
165  1:51:35.492    3:01:20.132    3:01:20.769    0.637      0.637      Paused by player, Unpause by player
166  1:51:35.992    3:01:21.236    3:01:21.569    0.333      0.333      Paused by player, Unpause by player
167  1:51:36.492    3:01:22.052    3:01:22.359    0.307      0.307      Paused by player, Unpause by player
168  1:51:37.642    3:01:23.483    3:01:26.089    2.606      2.606      Paused by player, Unpause by player
169  1:51:38.242    3:01:26.660    3:01:32.294    5.634      5.634      Paused by player, Unpause by player
170  1:51:38.992    3:01:33.031    3:01:39.095    6.064      6.064      Paused by player, Unpause by player
171  1:51:39.342    3:01:39.417    3:01:40.157    0.740      0.740      Paused by player, Unpause by player
172  1:51:39.642    3:01:40.440    3:01:43.716    3.276      3.276      Paused by player, Unpause by player
173  1:52:00.092    3:02:04.125    3:02:08.199    4.074      4.074      Paused by player, Unpause by player
0    1:53:24.992    3:03:33.113    3:07:44.467    251.354               Paused by player, Unpause by rendered
1    1:53:56.791    3:08:16.251    3:08:16.745    0.494      0.494      Paused by player, Unpause by player
2    1:54:02.241    3:08:22.189    3:08:42.664    20.475     20.475     Paused by player, Unpause by player
3    1:54:18.791    3:08:59.190    3:08:59.612    0.422      0.422      Paused by player, Unpause by player
4    1:54:26.391    3:09:07.209    3:09:30.197    22.988     22.988     Paused by player, Unpause by player
5    1:54:27.591    3:09:31.354    3:09:48.202    16.848     16.848     Paused by player, Unpause by player
6    1:54:28.541    3:09:49.112    3:10:00.042    10.930     10.930     Paused by player, Unpause by player
7    1:54:29.491    3:10:00.976    3:10:02.093    1.117      1.117      Paused by player, Unpause by player
8    1:54:30.091    3:10:02.660    3:10:03.313    0.653      0.653      Paused by player, Unpause by player
9    1:54:58.541    3:10:31.723    3:10:36.810    5.087      5.087      Paused by player, Unpause by player
10   1:55:06.291    3:10:44.535    3:10:51.860    7.325      7.325      Paused by player, Unpause by player
11   1:55:10.891    3:10:56.460    3:11:18.820    22.360     22.360     Paused by player, Unpause by player
12   1:55:20.641    3:11:28.561    3:11:29.096    0.535      0.535      Paused by player, Unpause by player
13   1:55:23.541    3:11:31.953    3:11:33.065    1.112      1.112      Paused by player, Unpause by player
14   1:55:25.291    3:11:34.809    3:11:35.384    0.575      0.575      Paused by player, Unpause by player
0    1:55:25.441    3:11:35.525    3:11:58.225    22.700                Paused by player, Unpause by moved mouse
1    1:55:48.190    3:12:20.957    3:12:21.429    0.472      0.472      Paused by player, Unpause by player
2    1:55:53.090    3:12:26.290    3:12:26.742    0.452      0.452      Paused by player, Unpause by player
3    1:56:01.190    3:12:34.802    3:12:36.346    1.544      1.544      Paused by player, Unpause by player
4    1:56:01.490    3:12:36.611    3:12:42.464    5.853      5.853      Paused by player, Unpause by player
5    1:56:02.340    3:12:43.275    3:12:45.937    2.662      2.662      Paused by player, Unpause by player
6    1:56:02.590    3:12:46.187    3:13:12.088    25.901     25.901     Paused by player, Unpause by player
7    1:56:31.690    3:13:41.187    3:14:08.659    27.472     27.472     Paused by player, Unpause by player
8    1:56:59.290    3:14:36.235    3:14:36.956    0.721      0.721      Paused by player, Unpause by player
9    1:56:59.590    3:14:37.210    3:14:37.562    0.352      0.352      Paused by player, Unpause by player
10   1:56:59.840    3:14:37.764    3:14:46.100    8.336      8.336      Paused by player, Unpause by player
11   1:57:09.940    3:14:56.164    3:15:06.064    9.900      9.900      Paused by player, Unpause by player
12   1:57:10.390    3:15:06.478    3:15:06.864    0.386      0.386      Paused by player, Unpause by player
13   1:57:10.540    3:15:06.995    3:15:08.726    1.731      1.731      Paused by player, Unpause by player
0    1:57:12.790    3:15:10.992    3:18:11.923    180.931               Paused by player, Unpause by changed look direction
1    1:57:16.642    3:18:15.723    3:18:22.293    6.570      6.570      Paused by player, Unpause by player
0    1:57:16.992    3:18:22.635    3:18:35.312    12.677                Paused by player, Unpause by rendered
1    1:57:17.830    3:18:36.128    3:18:48.379    12.251     12.251     Paused by player, Unpause by player
2    1:57:18.830    3:18:49.347    3:18:50.654    1.307      1.307      Paused by player, Unpause by player
3    1:57:39.280    3:19:11.062    3:19:11.536    0.474      0.474      Paused by player, Unpause by player
4    1:57:39.980    3:19:12.223    3:19:17.761    5.538      5.538      Paused by player, Unpause by player
5    1:57:43.780    3:19:21.512    3:19:22.761    1.249      1.249      Paused by player, Unpause by player
6    1:57:44.430    3:19:23.366    3:19:24.377    1.011      1.011      Paused by player, Unpause by player
7    1:57:44.880    3:19:24.822    3:19:25.172    0.350      0.350      Paused by player, Unpause by player
8    1:57:58.280    3:19:38.567    3:19:39.041    0.474      0.474      Paused by player, Unpause by player
0    1:57:58.480    3:19:39.220    3:22:44.553    185.333               Paused by player, Unpause by changed look direction
1    1:58:19.088    3:23:05.120    3:23:05.884    0.764      0.764      Paused by player, Unpause by player
2    1:58:19.738    3:23:06.486    3:23:35.263    28.777     28.777     Paused by player, Unpause by player
3    1:58:49.488    3:24:04.991    3:24:10.722    5.731      5.731      Paused by player, Unpause by player
4    1:58:50.138    3:24:11.365    3:24:16.758    5.393      5.393      Paused by player, Unpause by player
5    1:59:09.788    3:24:36.410    3:24:38.309    1.899      1.899      Paused by player, Unpause by player
6    1:59:12.138    3:24:40.613    3:24:41.758    1.145      1.145      Paused by player, Unpause by player
7    1:59:22.388    3:24:51.967    3:24:52.368    0.401      0.401      Paused by player, Unpause by player
8    2:00:08.238    3:25:38.178    3:25:40.031    1.853      1.853      Paused by player, Unpause by player
9    2:00:08.688    3:25:40.438    3:25:41.912    1.474      1.474      Paused by player, Unpause by player
10   2:00:09.188    3:25:42.392    3:25:43.502    1.110      1.110      Paused by player, Unpause by player
11   2:00:10.738    3:25:45.022    3:25:46.549    1.527      1.527      Paused by player, Unpause by player
12   2:00:16.638    3:25:52.447    3:25:57.125    4.678      4.678      Paused by player, Unpause by player
13   2:00:25.538    3:26:05.995    3:26:07.806    1.811      1.811      Paused by player, Unpause by player
14   2:00:28.138    3:26:10.365    3:26:11.565    1.200      1.200      Paused by player, Unpause by player
15   2:00:31.638    3:26:15.023    3:26:15.730    0.707      0.707      Paused by player, Unpause by player
16   2:00:33.238    3:26:17.284    3:26:47.162    29.878     29.878     Paused by player, Unpause by player
17   2:00:35.188    3:26:49.087    3:26:49.569    0.482      0.482      Paused by player, Unpause by player
18   2:00:36.838    3:26:51.210    3:27:06.717    15.507     15.507     Paused by player, Unpause by player
19   2:00:46.888    3:27:16.750    3:27:22.964    6.214      6.214      Paused by player, Unpause by player
20   2:00:50.438    3:27:26.487    3:27:34.894    8.407      8.407      Paused by player, Unpause by player
21   2:00:52.138    3:27:36.559    3:27:49.969    13.410     13.410     Paused by player, Unpause by player
22   2:00:55.488    3:27:53.273    3:28:01.455    8.182      8.182      Paused by player, Unpause by player
23   2:00:57.188    3:28:03.125    3:28:04.884    1.759      1.759      Paused by player, Unpause by player
24   2:01:20.738    3:28:28.395    3:28:31.797    3.402      3.402      Paused by player, Unpause by player
25   2:01:25.038    3:28:36.055    3:28:38.763    2.708      2.708      Paused by player, Unpause by player
26   2:01:25.188    3:28:38.912    3:28:39.243    0.331      0.331      Paused by player, Unpause by player
27   2:01:25.938    3:28:39.970    3:28:43.802    3.832      3.832      Paused by player, Unpause by player
28   2:01:27.388    3:28:45.247    3:28:46.444    1.197      1.197      Paused by player, Unpause by player
29   2:01:29.788    3:28:48.844    3:28:59.625    10.781     10.781     Paused by player, Unpause by player
30   2:01:38.138    3:29:07.946    3:29:10.903    2.957      2.957      Paused by player, Unpause by player
31   2:01:39.738    3:29:12.465    3:29:16.116    3.651      3.651      Paused by player, Unpause by player
32   2:01:40.788    3:29:17.128    3:29:22.203    5.075      5.075      Paused by player, Unpause by player
33   2:01:49.038    3:29:30.437    3:29:48.585    18.148     18.148     Paused by player, Unpause by player
34   2:02:02.488    3:30:02.021    3:30:02.456    0.435      0.435      Paused by player, Unpause by player
35   2:02:05.138    3:30:05.105    3:30:13.259    8.154      8.154      Paused by player, Unpause by player
36   2:04:33.188    3:32:41.338    3:32:41.977    0.639      0.639      Paused by player, Unpause by player
37   2:05:11.638    3:33:20.385    3:33:21.220    0.835      0.835      Paused by player, Unpause by player
38   2:05:11.888    3:33:21.443    3:33:44.042    22.599     22.599     Paused by player, Unpause by player
39   2:05:38.338    3:34:10.462    3:34:10.937    0.475      0.475      Paused by player, Unpause by player
40   2:05:46.388    3:34:18.983    3:34:20.491    1.508      1.508      Paused by player, Unpause by player
41   2:05:49.538    3:34:23.628    3:34:26.008    2.380      2.380      Paused by player, Unpause by player
42   2:05:50.538    3:34:26.966    3:34:37.319    10.353     10.353     Paused by player, Unpause by player
43   2:05:54.988    3:34:41.726    3:34:42.107    0.381      0.381      Paused by player, Unpause by player
44   2:05:55.538    3:34:42.635    3:35:00.286    17.651     17.651     Paused by player, Unpause by player
45   2:06:19.238    3:35:23.962    3:35:35.727    11.765     11.765     Paused by player, Unpause by player
46   2:06:31.488    3:35:47.939    3:35:52.589    4.650      4.650      Paused by player, Unpause by player
47   2:06:38.338    3:35:59.400    3:36:00.547    1.147      1.147      Paused by player, Unpause by player
48   2:06:39.088    3:36:01.260    3:36:03.281    2.021      2.021      Paused by player, Unpause by player
49   2:06:46.688    3:36:10.876    3:36:13.308    2.432      2.432      Paused by player, Unpause by player
50   2:06:48.188    3:36:14.773    3:36:21.730    6.957      6.957      Paused by player, Unpause by player
51   2:06:50.738    3:36:24.236    3:36:24.937    0.701      0.701      Paused by player, Unpause by player
52   2:06:51.038    3:36:25.193    3:36:26.831    1.638      1.638      Paused by player, Unpause by player
53   2:06:51.588    3:36:27.347    3:36:28.095    0.748      0.748      Paused by player, Unpause by player
54   2:06:51.788    3:36:28.266    3:36:29.325    1.059      1.059      Paused by player, Unpause by player
55   2:06:52.438    3:36:29.934    3:36:47.728    17.794     17.794     Paused by player, Unpause by player
56   2:07:07.738    3:37:02.994    3:37:29.443    26.449     26.449     Paused by player, Unpause by player
0    2:08:16.788    3:38:38.506    3:39:31.323    52.817                Paused by player, Unpause by rendered
1    2:08:23.126    3:39:37.641    3:39:38.898    1.257      1.257      Paused by player, Unpause by player
2    2:08:30.326    3:39:46.064    3:39:48.389    2.325      2.325      Paused by player, Unpause by player
3    2:08:34.226    3:39:52.281    3:39:53.672    1.391      1.391      Paused by player, Unpause by player
4    2:08:34.526    3:39:53.980    3:39:54.374    0.394      0.394      Paused by player, Unpause by player
5    2:08:36.876    3:39:56.678    3:39:57.484    0.806      0.806      Paused by player, Unpause by player
6    2:08:38.426    3:39:59.033    3:40:00.181    1.148      1.148      Paused by player, Unpause by player
7    2:08:41.526    3:40:03.234    3:40:04.179    0.945      0.945      Paused by player, Unpause by player
8    2:08:41.826    3:40:04.437    3:40:05.226    0.789      0.789      Paused by player, Unpause by player
9    2:08:42.926    3:40:06.296    3:40:07.495    1.199      1.199      Paused by player, Unpause by player
10   2:08:46.426    3:40:10.964    3:40:11.767    0.803      0.803      Paused by player, Unpause by player
11   2:08:50.976    3:40:16.281    3:40:18.656    2.375      2.375      Paused by player, Unpause by player
12   2:08:51.976    3:40:19.646    3:40:20.340    0.694      0.694      Paused by player, Unpause by player
13   2:08:53.126    3:40:21.489    3:40:24.127    2.638      2.638      Paused by player, Unpause by player
14   2:08:59.576    3:40:30.540    3:40:48.336    17.796     17.796     Paused by player, Unpause by player
15   2:09:11.526    3:41:00.251    3:41:18.869    18.618     18.618     Paused by player, Unpause by player
16   2:09:26.676    3:41:34.015    3:41:36.888    2.873      2.873      Paused by player, Unpause by player
17   2:09:27.276    3:41:37.462    3:41:38.676    1.214      1.214      Paused by player, Unpause by player
18   2:09:27.726    3:41:39.089    3:41:40.122    1.033      1.033      Paused by player, Unpause by player
19   2:09:40.726    3:41:53.100    3:41:54.307    1.207      1.207      Paused by player, Unpause by player
20   2:09:42.126    3:41:55.680    3:41:56.109    0.429      0.429      Paused by player, Unpause by player
21   2:09:43.026    3:41:57.003    3:41:57.563    0.560      0.560      Paused by player, Unpause by player
22   2:09:44.676    3:41:59.198    3:41:59.499    0.301      0.301      Paused by player, Unpause by player
23   2:10:02.576    3:42:17.384    3:42:19.025    1.641      1.641      Paused by player, Unpause by player
24   2:10:05.926    3:42:22.367    3:42:24.381    2.014      2.014      Paused by player, Unpause by player
25   2:10:06.626    3:42:25.062    3:42:25.629    0.567      0.567      Paused by player, Unpause by player
26   2:10:06.826    3:42:25.791    3:42:28.345    2.554      2.554      Paused by player, Unpause by player
27   2:10:12.576    3:42:34.054    3:42:44.354    10.300     10.300     Paused by player, Unpause by player
28   2:10:18.626    3:42:50.366    3:42:55.156    4.790      4.790      Paused by player, Unpause by player
29   2:10:25.576    3:43:02.076    3:43:07.592    5.516      5.516      Paused by player, Unpause by player
30   2:11:23.026    3:44:04.998    3:44:12.296    7.298      7.298      Paused by player, Unpause by player
31   2:11:32.926    3:44:22.155    3:44:22.687    0.532      0.532      Paused by player, Unpause by player
32   2:13:44.676    3:46:34.418    3:46:35.092    0.674      0.674      Paused by player, Unpause by player
33   2:13:45.976    3:46:36.348    3:46:40.163    3.815      3.815      Paused by player, Unpause by player
34   2:13:47.126    3:46:41.306    3:48:08.223    86.917     86.917     Paused by player, Unpause by player
35   2:13:47.876    3:48:08.949    3:49:57.563    108.614    108.614    Paused by player, Unpause by player
36   2:13:57.426    3:50:07.076    3:50:17.149    10.073     10.073     Paused by player, Unpause by player
37   2:14:06.926    3:50:26.637    3:51:59.032    92.395     92.395     Paused by player, Unpause by player
38   2:14:08.526    3:52:00.629    3:52:19.034    18.405     18.405     Paused by player, Unpause by player
39   2:14:11.526    3:52:22.069    3:52:25.036    2.967      2.967      Paused by player, Unpause by player
40   2:15:27.376    3:53:40.862    3:54:08.285    27.423     27.423     Paused by player, Unpause by player
41   2:15:36.226    3:54:17.129    3:54:26.347    9.218      9.218      Paused by player, Unpause by player
42   2:15:36.376    3:54:26.485    3:55:10.254    43.769     43.769     Paused by player, Unpause by player
43   2:15:37.426    3:55:11.272    3:57:30.564    139.292    139.292    Paused by player, Unpause by player
44   2:15:59.526    3:57:52.637    3:58:17.465    24.828     24.828     Paused by player, Unpause by player
45   2:16:08.676    3:58:26.615    3:58:28.637    2.022      2.022      Paused by player, Unpause by player
46   2:16:09.626    3:58:29.565    3:58:29.978    0.413      0.413      Paused by player, Unpause by player
47   2:16:09.976    3:58:30.293    3:58:31.977    1.684      1.684      Paused by player, Unpause by player
48   2:16:10.326    3:58:32.308    3:58:33.887    1.579      1.579      Paused by player, Unpause by player
49   2:16:24.976    3:58:48.489    3:58:59.942    11.453     11.453     Paused by player, Unpause by player
50   2:16:27.776    3:59:02.695    3:59:03.471    0.776      0.776      Paused by player, Unpause by player
51   2:16:44.326    3:59:19.998    3:59:23.010    3.012      3.012      Paused by player, Unpause by player
52   2:16:44.676    3:59:23.326    3:59:33.263    9.937      9.937      Paused by player, Unpause by player
53   2:16:59.926    3:59:48.496    3:59:49.914    1.418      1.418      Paused by player, Unpause by player
54   2:17:00.276    3:59:50.227    4:00:00.367    10.140     10.140     Paused by player, Unpause by player
55   2:17:11.076    4:00:11.144    4:00:11.690    0.546      0.546      Paused by player, Unpause by player
56   2:17:11.326    4:00:11.919    4:02:06.686    114.767    114.767    Paused by player, Unpause by player
57   2:17:11.876    4:02:07.198    4:02:31.999    24.801     24.801     Paused by player, Unpause by player
58   2:17:12.726    4:02:32.811    4:02:38.078    5.267      5.267      Paused by player, Unpause by player
59   2:17:13.876    4:02:39.227    4:05:31.685    172.458    172.458    Paused by player, Unpause by player
60   2:17:14.276    4:05:32.075    4:05:32.532    0.457      0.457      Paused by player, Unpause by player
61   2:17:14.476    4:05:32.716    4:05:53.319    20.603     20.603     Paused by player, Unpause by player
62   2:17:16.076    4:05:54.902    4:05:57.437    2.535      2.535      Paused by player, Unpause by player
63   2:17:41.726    4:06:23.087    4:06:30.881    7.794      7.794      Paused by player, Unpause by player
64   2:17:42.026    4:06:31.137    4:06:32.231    1.094      1.094      Paused by player, Unpause by player
65   2:17:43.526    4:06:33.733    4:06:43.101    9.368      9.368      Paused by player, Unpause by player
66   2:17:45.876    4:06:45.445    4:07:21.413    35.968     35.968     Paused by player, Unpause by player
67   2:17:47.576    4:07:23.090    4:07:24.399    1.309      1.309      Paused by player, Unpause by player
68   2:17:48.426    4:07:25.218    4:07:26.371    1.153      1.153      Paused by player, Unpause by player
69   2:17:50.926    4:07:28.839    4:07:30.302    1.463      1.463      Paused by player, Unpause by player
70   2:17:52.526    4:07:31.858    4:07:32.897    1.039      1.039      Paused by player, Unpause by player
71   2:17:54.276    4:07:34.611    4:07:36.237    1.626      1.626      Paused by player, Unpause by player
72   2:17:58.526    4:07:40.476    4:07:48.686    8.210      8.210      Paused by player, Unpause by player
73   2:18:00.426    4:07:50.566    4:07:51.735    1.169      1.169      Paused by player, Unpause by player
74   2:18:01.076    4:07:52.347    4:07:53.186    0.839      0.839      Paused by player, Unpause by player
75   2:18:01.976    4:07:54.074    4:08:02.284    8.210      8.210      Paused by player, Unpause by player
76   2:18:02.176    4:08:02.444    4:08:09.605    7.161      7.161      Paused by player, Unpause by player
77   2:18:02.426    4:08:09.854    4:08:11.867    2.013      2.013      Paused by player, Unpause by player
78   2:18:08.026    4:08:17.456    4:08:18.356    0.900      0.900      Paused by player, Unpause by player
79   2:18:12.376    4:08:22.695    4:08:27.638    4.943      4.943      Paused by player, Unpause by player
80   2:18:12.926    4:08:28.182    4:08:34.183    6.001      6.001      Paused by player, Unpause by player
81   2:18:16.276    4:08:37.525    4:08:55.963    18.438     18.438     Paused by player, Unpause by player
82   2:18:18.476    4:08:58.120    4:08:59.023    0.903      0.903      Paused by player, Unpause by player
83   2:18:19.076    4:08:59.579    4:09:01.564    1.985      1.985      Paused by player, Unpause by player
84   2:18:28.776    4:09:11.235    4:09:11.623    0.388      0.388      Paused by player, Unpause by player
85   2:18:30.926    4:09:13.760    4:09:16.360    2.600      2.600      Paused by player, Unpause by player
86   2:18:32.076    4:09:17.497    4:09:18.763    1.266      1.266      Paused by player, Unpause by player
87   2:18:34.526    4:09:21.184    4:09:22.082    0.898      0.898      Paused by player, Unpause by player
88   2:18:35.776    4:09:23.307    4:09:29.857    6.550      6.550      Paused by player, Unpause by player
89   2:19:06.226    4:10:00.282    4:10:08.733    8.451      8.451      Paused by player, Unpause by player
90   2:19:10.176    4:10:12.660    4:10:15.857    3.197      3.197      Paused by player, Unpause by player
91   2:19:20.526    4:10:26.187    4:10:30.930    4.743      4.743      Paused by player, Unpause by player
92   2:19:23.126    4:10:33.516    4:10:54.005    20.489     20.489     Paused by player, Unpause by player
93   2:19:24.126    4:10:55.003    4:11:09.651    14.648     14.648     Paused by player, Unpause by player
94   2:19:26.576    4:11:12.099    4:11:12.754    0.655      0.655      Paused by player, Unpause by player
95   2:20:21.326    4:12:07.500    4:12:08.388    0.888      0.888      Paused by player, Unpause by player
96   2:20:23.376    4:12:10.394    4:12:10.804    0.410      0.410      Paused by player, Unpause by player
97   2:20:24.126    4:12:11.552    4:12:15.322    3.770      3.770      Paused by player, Unpause by player
98   2:20:32.076    4:12:23.246    4:12:24.949    1.703      1.703      Paused by player, Unpause by player
99   2:20:32.926    4:12:25.773    4:12:28.311    2.538      2.538      Paused by player, Unpause by player
100  2:20:34.276    4:12:29.646    4:12:32.395    2.749      2.749      Paused by player, Unpause by player
101  2:20:34.726    4:12:32.835    4:13:02.752    29.917     29.917     Paused by player, Unpause by player
102  2:20:51.876    4:13:19.875    4:13:20.237    0.362      0.362      Paused by player, Unpause by player
103  2:20:52.276    4:13:20.600    4:13:35.621    15.021     15.021     Paused by player, Unpause by player
104  2:20:52.876    4:13:36.214    4:13:36.629    0.415      0.415      Paused by player, Unpause by player
105  2:20:54.026    4:13:37.760    4:13:42.753    4.993      4.993      Paused by player, Unpause by player
106  2:20:54.526    4:13:43.241    4:13:57.556    14.315     14.315     Paused by player, Unpause by player
107  2:20:54.976    4:13:57.979    4:13:58.964    0.985      0.985      Paused by player, Unpause by player
108  2:20:58.926    4:14:02.900    4:14:14.693    11.793     11.793     Paused by player, Unpause by player
109  2:21:23.276    4:14:39.035    4:14:39.798    0.763      0.763      Paused by player, Unpause by player
110  2:21:31.176    4:14:47.682    4:14:52.612    4.930      4.930      Paused by player, Unpause by player
111  2:22:00.026    4:15:21.412    4:15:28.217    6.805      6.805      Paused by player, Unpause by player
112  2:22:01.026    4:15:29.215    4:15:45.724    16.509     16.509     Paused by player, Unpause by player
113  2:22:23.976    4:16:08.663    4:16:13.177    4.514      4.514      Paused by player, Unpause by player
114  2:22:37.626    4:16:26.801    4:16:34.298    7.497      7.497      Paused by player, Unpause by player
115  2:23:17.326    4:17:13.978    4:17:15.129    1.151      1.151      Paused by player, Unpause by player
116  2:23:26.526    4:17:24.309    4:17:26.496    2.187      2.187      Paused by player, Unpause by player
117  2:23:26.776    4:17:26.755    4:17:27.052    0.297      0.297      Paused by player, Unpause by player
118  2:23:52.726    4:17:52.956    4:17:53.370    0.414      0.414      Paused by player, Unpause by player
119  2:24:04.326    4:18:04.960    4:18:05.627    0.667      0.667      Paused by player, Unpause by player
120  2:24:04.526    4:18:05.829    4:18:06.146    0.317      0.317      Paused by player, Unpause by player
121  2:24:05.826    4:18:07.404    4:18:08.084    0.680      0.680      Paused by player, Unpause by player
122  2:24:10.926    4:18:13.158    4:18:13.815    0.657      0.657      Paused by player, Unpause by player
123  2:24:21.226    4:18:24.084    4:18:25.761    1.677      1.677      Paused by player, Unpause by player
124  2:24:30.176    4:18:34.704    4:18:36.027    1.323      1.323      Paused by player, Unpause by player
125  2:24:39.626    4:18:45.451    4:18:46.375    0.924      0.924      Paused by player, Unpause by player
126  2:24:47.926    4:18:54.676    4:18:57.350    2.674      2.674      Paused by player, Unpause by player
127  2:25:14.526    4:19:23.929    4:19:24.862    0.933      0.933      Paused by player, Unpause by player
128  2:25:42.826    4:19:53.157    4:19:57.472    4.315      4.315      Paused by player, Unpause by player
129  2:25:45.826    4:20:00.451    4:20:05.818    5.367      5.367      Paused by player, Unpause by player
130  2:25:47.726    4:20:07.680    4:20:19.601    11.921     11.921     Paused by player, Unpause by player
131  2:25:53.876    4:20:25.743    4:20:28.824    3.081      3.081      Paused by player, Unpause by player
132  2:25:57.076    4:20:31.983    4:20:32.588    0.605      0.605      Paused by player, Unpause by player
133  2:26:00.776    4:20:36.245    4:20:37.110    0.865      0.865      Paused by player, Unpause by player
134  2:26:02.776    4:20:39.100    4:20:40.358    1.258      1.258      Paused by player, Unpause by player
135  2:26:37.426    4:21:14.991    4:21:15.326    0.335      0.335      Paused by player, Unpause by player
136  2:26:38.626    4:21:16.527    4:21:17.189    0.662      0.662      Paused by player, Unpause by player
137  2:26:39.676    4:21:18.228    4:21:18.519    0.291      0.291      Paused by player, Unpause by player
138  2:26:49.176    4:21:28.014    4:21:41.811    13.797     13.797     Paused by player, Unpause by player
139  2:26:50.476    4:21:43.111    4:21:44.164    1.053      1.053      Paused by player, Unpause by player
140  2:27:16.576    4:22:10.262    4:22:11.091    0.829      0.829      Paused by player, Unpause by player
141  2:29:16.876    4:24:11.359    4:24:11.726    0.367      0.367      Paused by player, Unpause by player
142  2:29:17.126    4:24:11.978    4:24:13.048    1.070      1.070      Paused by player, Unpause by player
143  2:29:17.776    4:24:13.677    4:24:18.337    4.660      4.660      Paused by player, Unpause by player
144  2:29:23.776    4:24:24.310    4:24:25.677    1.367      1.367      Paused by player, Unpause by player
145  2:29:24.376    4:24:26.234    4:24:31.645    5.411      5.411      Paused by player, Unpause by player
146  2:29:25.326    4:24:32.591    4:24:33.492    0.901      0.901      Paused by player, Unpause by player
147  2:29:25.626    4:24:33.787    4:24:36.160    2.373      2.373      Paused by player, Unpause by player
148  2:29:27.326    4:24:37.836    4:24:40.606    2.770      2.770      Paused by player, Unpause by player
149  2:29:29.276    4:24:42.508    4:24:54.580    12.072     12.072     Paused by player, Unpause by player
150  2:29:30.526    4:24:55.814    4:24:56.200    0.386      0.386      Paused by player, Unpause by player
151  2:29:31.026    4:24:56.700    4:24:57.625    0.925      0.925      Paused by player, Unpause by player
152  2:29:31.276    4:24:57.852    4:24:59.228    1.376      1.376      Paused by player, Unpause by player
153  2:29:35.026    4:25:02.976    4:25:08.330    5.354      5.354      Paused by player, Unpause by player
154  2:29:49.726    4:25:23.022    4:25:24.115    1.093      1.093      Paused by player, Unpause by player
155  2:29:52.626    4:25:27.014    4:26:09.713    42.699     42.699     Paused by player, Unpause by player
156  2:29:53.876    4:26:10.963    4:26:18.674    7.711      7.711      Paused by player, Unpause by player
157  2:30:00.176    4:26:24.963    4:26:25.687    0.724      0.724      Paused by player, Unpause by player
158  2:30:00.426    4:26:25.903    4:26:26.190    0.287      0.287      Paused by player, Unpause by player
159  2:30:00.676    4:26:26.420    4:26:34.042    7.622      7.622      Paused by player, Unpause by player
160  2:30:09.076    4:26:42.403    4:26:46.347    3.944      3.944      Paused by player, Unpause by player
161  2:30:55.626    4:27:32.863    4:27:34.148    1.285      1.285      Paused by player, Unpause by player
162  2:30:58.426    4:27:36.928    4:27:41.194    4.266      4.266      Paused by player, Unpause by player
163  2:32:23.076    4:29:05.813    4:29:11.599    5.786      5.786      Paused by player, Unpause by player
164  2:32:25.726    4:29:14.234    4:29:16.597    2.363      2.363      Paused by player, Unpause by player
165  2:32:36.676    4:29:27.516    4:29:30.061    2.545      2.545      Paused by player, Unpause by player
166  2:32:41.626    4:29:34.985    4:29:35.525    0.540      0.540      Paused by player, Unpause by player
167  2:32:43.026    4:29:36.908    4:29:37.369    0.461      0.461      Paused by player, Unpause by player
168  2:32:43.276    4:29:37.591    4:29:38.161    0.570      0.570      Paused by player, Unpause by player
169  2:32:47.326    4:29:42.165    4:29:47.328    5.163      5.163      Paused by player, Unpause by player
170  2:32:53.276    4:29:53.268    4:29:57.205    3.937      3.937      Paused by player, Unpause by player
171  2:33:23.026    4:30:26.907    4:30:43.306    16.399     16.399     Paused by player, Unpause by player
172  2:33:26.876    4:30:47.108    4:30:49.537    2.429      2.429      Paused by player, Unpause by player
173  2:33:43.576    4:31:06.212    4:31:17.923    11.711     11.711     Paused by player, Unpause by player
174  2:34:10.326    4:31:44.641    4:32:21.525    36.884     36.884     Paused by player, Unpause by player
175  2:34:42.676    4:32:53.862    4:33:47.946    54.084     54.084     Paused by player, Unpause by player
176  2:34:43.676    4:33:48.898    4:34:17.561    28.663     28.663     Paused by player, Unpause by player
177  2:34:44.726    4:34:18.605    4:34:19.434    0.829      0.829      Paused by player, Unpause by player
178  2:34:45.326    4:34:20.004    4:34:34.158    14.154     14.154     Paused by player, Unpause by player
179  2:34:48.776    4:34:37.571    4:35:02.382    24.811     24.811     Paused by player, Unpause by player
180  2:35:52.226    4:36:05.829    4:36:08.563    2.734      2.734      Paused by player, Unpause by player
181  2:35:52.726    4:36:09.030    4:36:13.300    4.270      4.270      Paused by player, Unpause by player
182  2:35:58.126    4:36:18.694    4:36:32.152    13.458     13.458     Paused by player, Unpause by player
183  2:35:59.026    4:36:33.037    4:36:34.471    1.434      1.434      Paused by player, Unpause by player
184  2:36:00.426    4:36:35.872    4:36:37.786    1.914      1.914      Paused by player, Unpause by player
185  2:36:02.026    4:36:39.375    4:36:40.017    0.642      0.642      Paused by player, Unpause by player
186  2:36:02.376    4:36:40.359    4:36:40.855    0.496      0.496      Paused by player, Unpause by player
187  2:36:03.026    4:36:41.502    4:36:42.622    1.120      1.120      Paused by player, Unpause by player
188  2:36:03.326    4:36:42.899    4:36:44.543    1.644      1.644      Paused by player, Unpause by player
189  2:36:04.576    4:36:45.777    4:36:46.180    0.403      0.403      Paused by player, Unpause by player
190  2:36:05.076    4:36:46.661    4:36:47.456    0.795      0.795      Paused by player, Unpause by player
191  2:36:53.226    4:37:35.591    4:37:36.934    1.343      1.343      Paused by player, Unpause by player
192  2:36:55.726    4:37:39.429    4:37:39.972    0.543      0.543      Paused by player, Unpause by player
193  2:36:56.176    4:37:40.377    4:37:40.911    0.534      0.534      Paused by player, Unpause by player
194  2:37:20.776    4:38:05.481    4:38:05.769    0.288      0.288      Paused by player, Unpause by player
195  2:37:21.026    4:38:05.998    4:38:07.596    1.598      1.598      Paused by player, Unpause by player
196  2:38:12.826    4:38:59.377    4:39:00.093    0.716      0.716      Paused by player, Unpause by player
197  2:38:26.376    4:39:13.610    4:39:42.920    29.310     29.310     Paused by player, Unpause by player
198  2:38:30.176    4:39:46.678    4:39:58.373    11.695     11.695     Paused by player, Unpause by player
199  2:39:38.276    4:41:06.435    4:41:06.826    0.391      0.391      Paused by player, Unpause by player
200  2:39:38.676    4:41:07.201    4:41:07.419    0.218      0.218      Paused by player, Unpause by player
201  2:39:38.876    4:41:07.576    4:42:08.709    61.133     61.133     Paused by player, Unpause by player
202  2:39:39.376    4:42:09.184    4:42:12.461    3.277      3.277      Paused by player, Unpause by player
203  2:39:46.976    4:42:20.059    4:42:20.813    0.754      0.754      Paused by player, Unpause by player
204  2:39:47.126    4:42:20.957    4:42:22.960    2.003      2.003      Paused by player, Unpause by player
205  2:44:38.376    4:47:14.248    4:47:14.640    0.392                 Paused by changed dimension, Unpause by rendered
206  2:44:41.577    4:47:17.850    4:47:17.889    0.039                 Paused by changed dimension, Unpause by rendered
207  2:44:50.380    4:47:26.724    4:48:33.306    66.582     66.582     Paused by player, Unpause by player
208  2:44:55.030    4:48:37.919    4:48:46.777    8.858      8.858      Paused by player, Unpause by player
209  2:44:56.630    4:48:48.329    4:48:53.586    5.257      5.257      Paused by player, Unpause by player
210  2:44:59.680    4:48:56.632    4:54:42.265    345.633    345.633    Paused by player, Unpause by player
0    2:44:59.830    4:54:42.415    4:57:27.521    165.106               Paused by player, Unpause by rendered
1    2:45:06.379    4:57:34.076    4:57:38.179    4.103      4.103      Paused by player, Unpause by player
2    2:45:08.529    4:57:40.285    4:57:43.603    3.318      3.318      Paused by player, Unpause by player
3    2:45:09.279    4:57:44.338    4:57:49.160    4.822      4.822      Paused by player, Unpause by player
4    2:45:31.179    4:58:11.037    4:58:11.175    0.138                 Paused by changed dimension, Unpause by moved mouse
5    2:45:32.707    4:58:12.737    4:58:12.772    0.035                 Paused by changed dimension, Unpause by rendered
6    2:45:37.054    4:58:17.107    4:58:18.795    1.688      1.688      Paused by player, Unpause by player
7    2:45:37.704    4:58:19.423    4:58:20.693    1.270      1.270      Paused by player, Unpause by player
8    2:45:41.304    4:58:24.248    4:58:26.204    1.956      1.956      Paused by player, Unpause by player
9    2:45:43.854    4:58:28.756    4:58:29.398    0.642      0.642      Paused by player, Unpause by player
10   2:45:44.904    4:58:30.409    4:58:50.800    20.391     20.391     Paused by player, Unpause by player
11   2:45:53.654    4:58:59.520    4:59:00.110    0.590      0.590      Paused by player, Unpause by player
12   2:45:53.904    4:59:00.339    4:59:01.644    1.305      1.305      Paused by player, Unpause by player
13   2:45:56.254    4:59:03.968    4:59:04.300    0.332      0.332      Paused by player, Unpause by player
14   2:45:56.954    4:59:04.991    4:59:05.708    0.717      0.717      Paused by player, Unpause by player
15   2:45:57.704    4:59:06.432    4:59:07.806    1.374      1.374      Paused by player, Unpause by player
0    2:47:33.304    5:00:43.442    5:00:56.622    13.180                Paused by player, Unpause by rendered
0    2:51:36.949    5:05:00.272    5:05:19.154    18.882                Paused by player, Unpause by rendered
1    2:55:04.568    5:08:46.761    5:08:50.672    3.911      3.911      Paused by player, Unpause by player
2    2:55:06.218    5:08:52.322    5:08:52.741    0.419      0.419      Paused by player, Unpause by player
3    2:55:21.268    5:09:07.772    5:09:08.769    0.997      0.997      Paused by player, Unpause by player
4    2:55:21.968    5:09:09.456    5:09:11.102    1.646      1.646      Paused by player, Unpause by player
5    2:55:22.268    5:09:11.390    5:09:11.779    0.389      0.389      Paused by player, Unpause by player
6    2:55:22.368    5:09:11.879    5:09:12.837    0.958      0.958      Paused by player, Unpause by player
7    2:55:22.968    5:09:13.430    5:09:14.600    1.170      1.170      Paused by player, Unpause by player
8    2:55:33.368    5:09:24.971    5:09:25.791    0.820      0.820      Paused by player, Unpause by player
9    2:55:33.618    5:09:26.044    5:09:26.755    0.711      0.711      Paused by player, Unpause by player
10   2:55:34.018    5:09:27.146    5:09:28.094    0.948      0.948      Paused by player, Unpause by player
11   2:57:51.868    5:11:45.944    5:11:46.280    0.336      0.336      Paused by player, Unpause by player
12   2:57:53.018    5:11:47.388    5:11:48.158    0.770      0.770      Paused by player, Unpause by player
13   2:57:53.368    5:11:48.492    5:11:49.129    0.637      0.637      Paused by player, Unpause by player
14   2:57:54.968    5:11:50.725    5:11:51.513    0.788      0.788      Paused by player, Unpause by player
15   2:57:56.568    5:11:53.072    5:11:53.767    0.695      0.695      Paused by player, Unpause by player
16   2:57:56.818    5:11:53.982    5:11:56.011    2.029      2.029      Paused by player, Unpause by player
17   2:57:57.468    5:11:56.646    5:11:57.558    0.912      0.912      Paused by player, Unpause by player
18   2:57:57.918    5:11:57.982    5:11:59.134    1.152      1.152      Paused by player, Unpause by player
19   2:57:58.718    5:11:59.910    5:12:01.002    1.092      1.092      Paused by player, Unpause by player
20   2:57:59.568    5:12:01.837    5:12:02.789    0.952      0.952      Paused by player, Unpause by player
21   2:57:59.868    5:12:03.069    5:12:04.225    1.156      1.156      Paused by player, Unpause by player
22   2:58:00.118    5:12:04.450    5:12:05.385    0.935      0.935      Paused by player, Unpause by player
23   2:58:00.418    5:12:05.682    5:12:09.234    3.552      3.552      Paused by player, Unpause by player
24   2:58:00.768    5:12:09.577    5:12:11.002    1.425      1.425      Paused by player, Unpause by player
25   2:58:00.968    5:12:11.208    5:12:11.440    0.232      0.232      Paused by player, Unpause by player
26   2:58:01.468    5:12:11.926    5:12:16.917    4.991      4.991      Paused by player, Unpause by player
27   2:58:11.768    5:12:27.210    5:12:28.737    1.527      1.527      Paused by player, Unpause by player
28   2:58:12.918    5:12:29.854    5:12:30.112    0.258      0.258      Paused by player, Unpause by player
29   2:58:14.218    5:12:31.370    5:12:32.927    1.557      1.557      Paused by player, Unpause by player
30   2:58:15.418    5:12:34.126    5:12:35.063    0.937      0.937      Paused by player, Unpause by player
31   2:58:15.718    5:12:35.327    5:12:36.479    1.152      1.152      Paused by player, Unpause by player
32   2:58:15.918    5:12:36.644    5:12:37.483    0.839      0.839      Paused by player, Unpause by player
33   2:58:17.068    5:12:38.610    5:12:40.700    2.090      2.090      Paused by player, Unpause by player
34   2:58:18.118    5:12:41.735    5:12:42.640    0.905      0.905      Paused by player, Unpause by player
35   2:58:47.768    5:13:12.267    5:13:13.005    0.738      0.738      Paused by player, Unpause by player
36   2:58:48.118    5:13:13.345    5:13:14.066    0.721      0.721      Paused by player, Unpause by player
37   2:58:49.418    5:13:15.336    5:13:15.788    0.452      0.452      Paused by player, Unpause by player
38   3:01:36.068    5:16:02.444    5:16:02.898    0.454      0.454      Paused by player, Unpause by player
39   3:01:38.518    5:16:05.323    5:16:08.824    3.501      3.501      Paused by player, Unpause by player
40   3:01:40.318    5:16:10.631    5:16:48.149    37.518     37.518     Paused by player, Unpause by player
41   3:04:53.218    5:20:01.054    5:20:50.153    49.099     49.099     Paused by player, Unpause by player
1    3:04:54.668    5:20:51.630    5:21:05.134    13.504                Paused by leave the world, Unpause by rendered
2    3:04:56.010    5:21:06.494    5:21:08.912    2.418                 Paused by player, Unpause by player / changed options (3)
3    3:05:11.460    5:21:24.362    5:21:27.154    2.792      2.792      Paused by player, Unpause by player
4    3:05:17.610    5:21:33.264    5:21:37.301    4.037      4.037      Paused by player, Unpause by player
5    3:06:35.360    5:22:55.024    5:22:56.277    1.253      1.253      Paused by player, Unpause by player
6    3:06:35.660    5:22:56.548    5:22:57.035    0.487      0.487      Paused by player, Unpause by player
7    3:06:35.910    5:22:57.269    5:22:58.190    0.921      0.921      Paused by player, Unpause by player
8    3:07:05.960    5:23:28.207    5:23:54.522    26.315     26.315     Paused by player, Unpause by player
9    3:07:24.360    5:24:12.918    5:24:14.610    1.692      1.692      Paused by player, Unpause by player
10   3:07:24.810    5:24:15.017    5:24:16.132    1.115      1.115      Paused by player, Unpause by player
11   3:07:25.360    5:24:16.677    5:24:21.228    4.551      4.551      Paused by player, Unpause by player
12   3:07:27.260    5:24:23.122    5:24:23.527    0.405      0.405      Paused by player, Unpause by player
13   3:07:27.510    5:24:23.764    5:24:24.410    0.646      0.646      Paused by player, Unpause by player
14   3:07:27.760    5:24:24.651    5:24:25.877    1.226      1.226      Paused by player, Unpause by player
15   3:07:28.160    5:24:26.239    5:24:30.396    4.157      4.157      Paused by player, Unpause by player
16   3:07:28.810    5:24:31.004    5:24:33.081    2.077      2.077      Paused by player, Unpause by player
17   3:07:29.660    5:24:33.913    5:24:34.714    0.801      0.801      Paused by player, Unpause by player
18   3:07:29.910    5:24:34.945    5:24:38.418    3.473      3.473      Paused by player, Unpause by player
19   3:07:36.260    5:24:44.724    5:24:45.122    0.398      0.398      Paused by player, Unpause by player
20   3:07:36.460    5:24:45.283    5:24:46.058    0.775      0.775      Paused by player, Unpause by player
21   3:07:36.660    5:24:46.243    5:24:47.081    0.838      0.838      Paused by player, Unpause by player
22   3:07:36.860    5:24:47.277    5:24:48.130    0.853      0.853      Paused by player, Unpause by player
23   3:07:37.110    5:24:48.378    5:24:48.883    0.505      0.505      Paused by player, Unpause by player
24   3:07:37.360    5:24:49.127    5:24:49.968    0.841      0.841      Paused by player, Unpause by player
25   3:07:37.610    5:24:50.173    5:24:50.610    0.437      0.437      Paused by player, Unpause by player
26   3:07:38.010    5:24:50.976    5:24:51.686    0.710      0.710      Paused by player, Unpause by player
