Tick 2(0), Delay 2313 ms, IGT 00:00.000, RTA 00:-2.-313-00:00.000, due world load
Tick 3(1), Delay 109 ms, IGT 00:00.005, RTA 00:00.-99-00:00.010
Tick 4(2), Delay 6 ms, IGT 00:00.055, RTA 00:00.010-00:00.016
Tick 5(3), Delay 13 ms, IGT 00:00.105, RTA 00:00.016-00:00.029
Tick 8(6), Delay 73 ms, IGT 00:00.255, RTA 00:00.122-00:00.195
Tick 9(7), Delay 26 ms, IGT 00:00.305, RTA 00:00.195-00:00.221
Tick 13(11), Delay 62 ms, IGT 00:00.505, RTA 00:00.371-00:00.433
Tick 14(12), Delay 41 ms, IGT 00:00.555, RTA 00:00.433-00:00.474
Tick 328(326), Delay 44 ms, IGT 00:16.255, RTA 00:16.128-00:16.172
Tick 504(501), Delay 15070 ms, IGT 00:25.005, RTA 00:24.922-00:39.992
Tick 505(501), Delay 267 ms, IGT 00:25.005, RTA 00:39.992-00:40.259, due world load
Tick 506(501), Delay 3 ms, IGT 00:25.005, RTA 00:40.259-00:40.262, due world load
Tick 507(501), Delay 1 ms, IGT 00:25.005, RTA 00:40.262-00:40.263, due world load
Tick 508(501), Delay 0 ms, IGT 00:25.005, RTA 00:40.263-00:40.263, due world load
Tick 509(501), Delay 2 ms, IGT 00:25.005, RTA 00:40.263-00:40.265, due world load
Tick 510(501), Delay 11 ms, IGT 00:25.005, RTA 00:40.265-00:40.276, due world load
Tick 517(508), Delay 73 ms, IGT 00:25.310, RTA 00:40.579-00:40.652
Tick 518(509), Delay 25 ms, IGT 00:25.360, RTA 00:40.652-00:40.677
Tick 707(698), Delay 64 ms, IGT 00:34.810, RTA 00:50.077-00:50.141
Tick 708(699), Delay 36 ms, IGT 00:34.860, RTA 00:50.141-00:50.177
Tick 861(852), Delay 45 ms, IGT 00:42.510, RTA 00:57.780-00:57.825
Tick 862(853), Delay 55 ms, IGT 00:42.560, RTA 00:57.825-00:57.880
Tick 908(899), Delay 45 ms, IGT 00:44.860, RTA 01:00.131-01:00.176
Tick 1230(1221), Delay 69 ms, IGT 01:00.960, RTA 01:16.227-01:16.296
Tick 1231(1222), Delay 31 ms, IGT 01:01.010, RTA 01:16.296-01:16.327
Tick 2609(2600), Delay 55 ms, IGT 02:09.910, RTA 02:25.175-02:25.230
Tick 2696(2687), Delay 56 ms, IGT 02:14.260, RTA 02:29.528-02:29.584
Tick 2697(2688), Delay 44 ms, IGT 02:14.310, RTA 02:29.584-02:29.628
Tick 4305(4296), Delay 55 ms, IGT 03:34.710, RTA 03:49.975-03:50.030
Tick 4467(4458), Delay 55 ms, IGT 03:42.810, RTA 03:58.075-03:58.130
Tick 4503(4494), Delay 60 ms, IGT 03:44.610, RTA 03:59.877-03:59.937
Tick 4504(4495), Delay 41 ms, IGT 03:44.660, RTA 03:59.937-03:59.978
Tick 6243(6234), Delay 57 ms, IGT 05:11.610, RTA 05:26.878-05:26.935
Tick 6244(6235), Delay 40 ms, IGT 05:11.660, RTA 05:26.935-05:26.975
Tick 7908(7899), Delay 55 ms, IGT 06:34.860, RTA 06:50.125-06:50.180
Tick 7992(7983), Delay 45 ms, IGT 06:39.060, RTA 06:54.330-06:54.375
Tick 8892(8883), Delay 55 ms, IGT 07:24.060, RTA 07:39.325-07:39.380
Tick 8941(8932), Delay 55 ms, IGT 07:26.510, RTA 07:41.775-07:41.830
Tick 9119(9110), Delay 55 ms, IGT 07:35.410, RTA 07:50.675-07:50.730
Tick 9247(9238), Delay 44 ms, IGT 07:41.810, RTA 07:57.081-07:57.125
Tick 9270(9261), Delay 45 ms, IGT 07:42.960, RTA 07:58.230-07:58.275
Tick 9425(9416), Delay 56 ms, IGT 07:50.710, RTA 08:05.975-08:06.031
Tick 9633(9624), Delay 45 ms, IGT 08:01.110, RTA 08:16.380-08:16.425
Tick 9647(9638), Delay 55 ms, IGT 08:01.810, RTA 08:17.076-08:17.131
Tick 9648(9639), Delay 45 ms, IGT 08:01.860, RTA 08:17.131-08:17.176
Tick 9706(9697), Delay 55 ms, IGT 08:04.760, RTA 08:20.025-08:20.080
Tick 10601(10592), Delay 78 ms, IGT 08:49.510, RTA 09:04.778-09:04.856
Tick 10602(10593), Delay 20 ms, IGT 08:49.560, RTA 09:04.856-09:04.876
Tick 10603(10594), Delay 65 ms, IGT 08:49.610, RTA 09:04.876-09:04.941
Tick 10604(10595), Delay 35 ms, IGT 08:49.660, RTA 09:04.941-09:04.976
Tick 10867(10858), Delay 55 ms, IGT 09:02.810, RTA 09:18.075-09:18.130
Tick 11117(11108), Delay 61 ms, IGT 09:15.310, RTA 09:30.575-09:30.636
Tick 11118(11109), Delay 40 ms, IGT 09:15.360, RTA 09:30.636-09:30.676
Tick 11270(11261), Delay 55 ms, IGT 09:22.960, RTA 09:38.225-09:38.280
Tick 11311(11302), Delay 45 ms, IGT 09:25.010, RTA 09:40.280-09:40.325
Tick 12372(12363), Delay 58 ms, IGT 10:18.060, RTA 10:33.328-10:33.386
Tick 12373(12364), Delay 41 ms, IGT 10:18.110, RTA 10:33.386-10:33.427
Tick 12384(12375), Delay 64 ms, IGT 10:18.660, RTA 10:33.926-10:33.990
Tick 12385(12376), Delay 39 ms, IGT 10:18.710, RTA 10:33.990-10:34.029
Tick 12441(12432), Delay 45 ms, IGT 10:21.510, RTA 10:36.780-10:36.825
Tick 12453(12444), Delay 61 ms, IGT 10:22.110, RTA 10:37.378-10:37.439
Tick 12454(12445), Delay 36 ms, IGT 10:22.160, RTA 10:37.439-10:37.475
Tick 14381(14372), Delay 70 ms, IGT 11:58.510, RTA 12:13.776-12:13.846
Tick 14382(14373), Delay 30 ms, IGT 11:58.560, RTA 12:13.846-12:13.876
Tick 14409(14400), Delay 70 ms, IGT 11:59.910, RTA 12:15.178-12:15.248
Tick 14410(14401), Delay 40 ms, IGT 11:59.960, RTA 12:15.248-12:15.288
Tick 14411(14402), Delay 39 ms, IGT 12:00.010, RTA 12:15.288-12:15.327
Tick 14470(14461), Delay 55 ms, IGT 12:02.960, RTA 12:18.225-12:18.280
Tick 14945(14936), Delay 55 ms, IGT 12:26.710, RTA 12:41.975-12:42.030
Tick 15037(15028), Delay 60 ms, IGT 12:31.310, RTA 12:46.578-12:46.638
Tick 15038(15029), Delay 40 ms, IGT 12:31.360, RTA 12:46.638-12:46.678
Tick 16347(16338), Delay 55 ms, IGT 13:36.810, RTA 13:52.075-13:52.130
Tick 16355(16346), Delay 60 ms, IGT 13:37.210, RTA 13:52.476-13:52.536
Tick 16356(16347), Delay 40 ms, IGT 13:37.260, RTA 13:52.536-13:52.576
Tick 16369(16360), Delay 58 ms, IGT 13:37.910, RTA 13:53.175-13:53.233
Tick 16370(16361), Delay 45 ms, IGT 13:37.960, RTA 13:53.233-13:53.278
Tick 16626(16617), Delay 57 ms, IGT 13:50.760, RTA 14:06.029-14:06.086
Tick 16627(16618), Delay 41 ms, IGT 13:50.810, RTA 14:06.086-14:06.127
Tick 16651(16642), Delay 68 ms, IGT 13:52.010, RTA 14:07.277-14:07.345
Tick 16652(16643), Delay 31 ms, IGT 13:52.060, RTA 14:07.345-14:07.376
Tick 16661(16652), Delay 60331 ms, IGT 13:52.510, RTA 14:07.779-15:08.110
Tick 16868(16859), Delay 45 ms, IGT 14:02.860, RTA 15:18.412-15:18.457
Tick 17791(17782), Delay 67 ms, IGT 14:49.010, RTA 16:04.559-16:04.626
Tick 17792(17783), Delay 34 ms, IGT 14:49.060, RTA 16:04.626-16:04.660
Tick 17801(17792), Delay 4959 ms, IGT 14:49.510, RTA 16:05.060-16:10.019
Tick 17947(17938), Delay 55 ms, IGT 14:56.810, RTA 16:17.269-16:17.324
Tick 18233(18224), Delay 55 ms, IGT 15:11.110, RTA 16:31.569-16:31.624
Tick 18551(18542), Delay 61 ms, IGT 15:27.010, RTA 16:47.470-16:47.531
Tick 18552(18543), Delay 41 ms, IGT 15:27.060, RTA 16:47.531-16:47.572
Tick 18641(18632), Delay 55 ms, IGT 15:31.510, RTA 16:51.969-16:52.024
Tick 18895(18886), Delay 55 ms, IGT 15:44.210, RTA 17:04.669-17:04.724
Tick 18929(18920), Delay 45 ms, IGT 15:45.910, RTA 17:06.374-17:06.419
Tick 18938(18929), Delay 93 ms, IGT 15:46.360, RTA 17:06.822-17:06.915
Tick 18939(18930), Delay 6 ms, IGT 15:46.410, RTA 17:06.915-17:06.921
Tick 18948(18939), Delay 5723 ms, IGT 15:46.860, RTA 17:07.320-17:13.043
Tick 19015(19006), Delay 45 ms, IGT 15:50.210, RTA 17:16.349-17:16.394
Tick 19024(19015), Delay 1533 ms, IGT 15:50.660, RTA 17:16.796-17:18.329
Tick 19065(19056), Delay 139 ms, IGT 15:52.710, RTA 17:20.331-17:20.470
Tick 19066(19057), Delay 0 ms, IGT 15:52.760, RTA 17:20.470-17:20.470
Tick 19067(19058), Delay 8 ms, IGT 15:52.810, RTA 17:20.470-17:20.478
Tick 19632(19623), Delay 71 ms, IGT 16:21.060, RTA 17:48.682-17:48.753
Tick 19633(19624), Delay 27 ms, IGT 16:21.110, RTA 17:48.753-17:48.780
Tick 19645(19636), Delay 45 ms, IGT 16:21.710, RTA 17:49.333-17:49.378
Tick 19733(19724), Delay 55 ms, IGT 16:26.110, RTA 17:53.728-17:53.783
Tick 20626(20617), Delay 20498 ms, IGT 17:10.760, RTA 18:38.381-18:58.879
Tick 23970(23961), Delay 55 ms, IGT 19:57.960, RTA 21:46.025-21:46.080
Tick 24187(24178), Delay 55 ms, IGT 20:08.810, RTA 21:56.875-21:56.930
Tick 24879(24870), Delay 45 ms, IGT 20:43.410, RTA 22:31.480-22:31.525
Tick 25034(25025), Delay 45 ms, IGT 20:51.160, RTA 22:39.230-22:39.275
Tick 25578(25569), Delay 55 ms, IGT 21:18.360, RTA 23:06.425-23:06.480
Tick 29417(29408), Delay 55 ms, IGT 24:30.310, RTA 26:18.375-26:18.430
Tick 29496(29487), Delay 89 ms, IGT 24:34.260, RTA 26:22.329-26:22.418
Tick 29497(29488), Delay 8 ms, IGT 24:34.310, RTA 26:22.418-26:22.426
Tick 29508(29499), Delay 64 ms, IGT 24:34.860, RTA 26:22.928-26:22.992
Tick 29509(29500), Delay 34 ms, IGT 24:34.910, RTA 26:22.992-26:23.026
Tick 30052(30043), Delay 55 ms, IGT 25:02.060, RTA 26:50.125-26:50.180
Tick 30123(30114), Delay 55 ms, IGT 25:05.610, RTA 26:53.675-26:53.730
Tick 30124(30115), Delay 26272 ms, IGT 25:05.660, RTA 26:53.730-27:20.002
Tick 30162(30153), Delay 10035 ms, IGT 25:07.560, RTA 27:21.853-27:31.888
Tick 30168(30159), Delay 80 ms, IGT 25:07.860, RTA 27:32.139-27:32.219
Tick 30169(30160), Delay 17 ms, IGT 25:07.910, RTA 27:32.219-27:32.236
Tick 30178(30169), Delay 64 ms, IGT 25:08.360, RTA 27:32.639-27:32.703
Tick 30179(30170), Delay 32 ms, IGT 25:08.410, RTA 27:32.703-27:32.735
Tick 30204(30195), Delay 2755 ms, IGT 25:09.660, RTA 27:33.937-27:36.692
Tick 30212(30203), Delay 13336 ms, IGT 25:10.060, RTA 27:37.045-27:50.381
Tick 30319(30310), Delay 71234 ms, IGT 25:15.410, RTA 27:55.681-29:06.915
Tick 30345(30336), Delay 25728 ms, IGT 25:16.710, RTA 29:08.167-29:33.895
Tick 30363(30354), Delay 45693 ms, IGT 25:17.610, RTA 29:34.749-30:20.442
Tick 30490(30481), Delay 83 ms, IGT 25:23.960, RTA 30:26.744-30:26.827
Tick 30491(30482), Delay 16 ms, IGT 25:24.010, RTA 30:26.827-30:26.843
Tick 30504(30495), Delay 62 ms, IGT 25:24.660, RTA 30:27.442-30:27.504
Tick 30505(30496), Delay 41 ms, IGT 25:24.710, RTA 30:27.504-30:27.545
Tick 30704(30695), Delay 6005 ms, IGT 25:34.660, RTA 30:37.441-30:43.446
Tick 30752(30743), Delay 55 ms, IGT 25:37.060, RTA 30:45.793-30:45.848
Tick 31032(31023), Delay 55 ms, IGT 25:51.060, RTA 30:59.793-30:59.848
Tick 31111(31102), Delay 63 ms, IGT 25:55.010, RTA 31:03.743-31:03.806
Tick 31112(31103), Delay 45 ms, IGT 25:55.060, RTA 31:03.806-31:03.851
Tick 31113(31104), Delay 45 ms, IGT 25:55.110, RTA 31:03.851-31:03.896
Tick 31148(31139), Delay 56 ms, IGT 25:56.860, RTA 31:05.594-31:05.650
Tick 31149(31140), Delay 45 ms, IGT 25:56.910, RTA 31:05.650-31:05.695
Tick 31164(31155), Delay 55 ms, IGT 25:57.660, RTA 31:06.395-31:06.450
Tick 31165(31156), Delay 44 ms, IGT 25:57.710, RTA 31:06.450-31:06.494
Tick 31209(31199), Delay 7813 ms, IGT 25:59.860, RTA 31:08.647-31:16.460
Tick 31287(31276), Delay 73 ms, IGT 26:03.707, RTA 31:20.313-31:20.386
Tick 31288(31277), Delay 25 ms, IGT 26:03.757, RTA 31:20.386-31:20.411
Tick 31814(31803), Delay 45 ms, IGT 26:30.057, RTA 31:46.664-31:46.709
Tick 31956(31945), Delay 55 ms, IGT 26:37.157, RTA 31:53.759-31:53.814
Tick 32005(31994), Delay 57 ms, IGT 26:39.607, RTA 31:56.209-31:56.266
Tick 32006(31995), Delay 39247 ms, IGT 26:39.657, RTA 31:56.266-32:35.513
Tick 32020(32009), Delay 55 ms, IGT 26:40.357, RTA 32:36.163-32:36.218
Tick 32077(32066), Delay 19364 ms, IGT 26:43.207, RTA 32:39.016-32:58.380
Tick 32106(32095), Delay 45 ms, IGT 26:44.657, RTA 32:59.782-32:59.827
Tick 32319(32308), Delay 55 ms, IGT 26:55.307, RTA 33:10.427-33:10.482
Tick 32541(32530), Delay 59 ms, IGT 27:06.407, RTA 33:21.531-33:21.590
Tick 32542(32531), Delay 41 ms, IGT 27:06.457, RTA 33:21.590-33:21.631
Tick 32850(32839), Delay 1193 ms, IGT 27:21.857, RTA 33:36.981-33:38.174
Tick 32860(32849), Delay 866 ms, IGT 27:22.357, RTA 33:38.626-33:39.492
Tick 32961(32950), Delay 55 ms, IGT 27:27.407, RTA 33:44.490-33:44.545
Tick 33359(33348), Delay 55 ms, IGT 27:47.307, RTA 34:04.390-34:04.445
Tick 33956(33945), Delay 55 ms, IGT 28:17.157, RTA 34:34.242-34:34.297
Tick 33957(33946), Delay 43 ms, IGT 28:17.207, RTA 34:34.297-34:34.340
Tick 34108(34097), Delay 64 ms, IGT 28:24.757, RTA 34:41.842-34:41.906
Tick 34109(34098), Delay 37 ms, IGT 28:24.807, RTA 34:41.906-34:41.943
Tick 34185(34174), Delay 45 ms, IGT 28:28.607, RTA 34:45.695-34:45.740
Tick 34264(34253), Delay 55 ms, IGT 28:32.557, RTA 34:49.640-34:49.695
Tick 34585(34574), Delay 45 ms, IGT 28:48.607, RTA 35:05.695-35:05.740
Tick 34645(34633), Delay 270 ms, IGT 28:51.557, RTA 35:08.693-35:08.963
Tick 34646(34633), Delay 345782 ms, IGT 28:51.557, RTA 35:08.963-40:54.745
Tick 34647(34633), Delay 67 ms, IGT 28:51.557, RTA 40:54.745-40:54.812, due world load
Tick 34648(34634), Delay 17 ms, IGT 28:51.590, RTA 40:54.812-40:54.829
Tick 35092(35078), Delay 18532 ms, IGT 29:13.790, RTA 41:16.980-41:35.512
Tick 35163(35149), Delay 8511 ms, IGT 29:17.340, RTA 41:39.015-41:47.526
Tick 35232(35218), Delay 3096 ms, IGT 29:20.790, RTA 41:50.928-41:54.024
Tick 35248(35234), Delay 6739 ms, IGT 29:21.590, RTA 41:54.774-42:01.513
Tick 35333(35319), Delay 55 ms, IGT 29:25.840, RTA 42:05.710-42:05.765
Tick 35683(35669), Delay 45 ms, IGT 29:43.340, RTA 42:23.214-42:23.259
Tick 35703(35689), Delay 9026 ms, IGT 29:44.340, RTA 42:24.213-42:33.239
Tick 35791(35777), Delay 7199 ms, IGT 29:48.740, RTA 42:37.591-42:44.790
Tick 35807(35793), Delay 360 ms, IGT 29:49.540, RTA 42:45.540-42:45.900
Tick 35889(35875), Delay 55 ms, IGT 29:53.640, RTA 42:49.949-42:50.004
Tick 36203(36189), Delay 9734 ms, IGT 30:09.340, RTA 43:05.654-43:15.388
Tick 36231(36217), Delay 55 ms, IGT 30:10.740, RTA 43:16.734-43:16.789
Tick 36267(36253), Delay 55 ms, IGT 30:12.540, RTA 43:18.534-43:18.589
Tick 36316(36302), Delay 2515 ms, IGT 30:14.990, RTA 43:20.987-43:23.502
Tick 36408(36394), Delay 3493 ms, IGT 30:19.590, RTA 43:28.051-43:31.544
Tick 36422(36408), Delay 2602 ms, IGT 30:20.290, RTA 43:32.195-43:34.797
Tick 36536(36522), Delay 3586 ms, IGT 30:25.990, RTA 43:40.449-43:44.035
Tick 36676(36662), Delay 55 ms, IGT 30:32.990, RTA 43:50.984-43:51.039
Tick 36887(36873), Delay 2192 ms, IGT 30:43.540, RTA 44:01.539-44:03.731
Tick 37067(37053), Delay 3124 ms, IGT 30:52.540, RTA 44:12.682-44:15.806
Tick 37202(37188), Delay 2326 ms, IGT 30:59.290, RTA 44:22.505-44:24.831
Tick 37341(37327), Delay 2976 ms, IGT 31:06.240, RTA 44:31.734-44:34.710
Tick 37409(37395), Delay 6101 ms, IGT 31:09.640, RTA 44:38.060-44:44.161
Tick 37412(37397), Delay 289 ms, IGT 31:09.740, RTA 44:44.260-44:44.549
Tick 37413(37397), Delay 23239 ms, IGT 31:09.740, RTA 44:44.549-45:07.788
Tick 37414(37398), Delay 57 ms, IGT 31:09.751, RTA 45:07.788-45:07.845
Tick 37415(37399), Delay 36 ms, IGT 31:09.801, RTA 45:07.845-45:07.881
Tick 37468(37452), Delay 2193 ms, IGT 31:12.451, RTA 45:10.483-45:12.676
Tick 37510(37494), Delay 1572 ms, IGT 31:14.551, RTA 45:14.727-45:16.299
Tick 37566(37550), Delay 55 ms, IGT 31:17.351, RTA 45:19.050-45:19.105
Tick 37567(37551), Delay 718 ms, IGT 31:17.401, RTA 45:19.105-45:19.823
Tick 37592(37576), Delay 532 ms, IGT 31:18.651, RTA 45:21.024-45:21.556
Tick 37611(37595), Delay 4288 ms, IGT 31:19.601, RTA 45:22.458-45:26.746
Tick 37630(37614), Delay 19562 ms, IGT 31:20.551, RTA 45:27.649-45:47.211
Tick 37643(37627), Delay 440 ms, IGT 31:21.201, RTA 45:47.814-45:48.254
Tick 37650(37634), Delay 9671 ms, IGT 31:21.551, RTA 45:48.553-45:58.224
Tick 37665(37649), Delay 10329 ms, IGT 31:22.301, RTA 45:58.927-46:09.256
Tick 37672(37656), Delay 443 ms, IGT 31:22.651, RTA 46:09.557-46:10.000
Tick 37777(37761), Delay 55 ms, IGT 31:27.901, RTA 46:15.196-46:15.251
Tick 37873(37857), Delay 45 ms, IGT 31:32.701, RTA 46:20.001-46:20.046
Tick 37875(37859), Delay 55 ms, IGT 31:32.801, RTA 46:20.096-46:20.151
Tick 38036(38020), Delay 10894 ms, IGT 31:40.851, RTA 46:28.148-46:39.042
Tick 38310(38294), Delay 4285 ms, IGT 31:54.551, RTA 46:52.694-46:56.979
Tick 38375(38359), Delay 56 ms, IGT 31:57.801, RTA 47:00.180-47:00.236
Tick 38376(38360), Delay 42 ms, IGT 31:57.851, RTA 47:00.236-47:00.278
Tick 38575(38559), Delay 55 ms, IGT 32:07.801, RTA 47:10.176-47:10.231
Tick 38637(38621), Delay 413 ms, IGT 32:10.901, RTA 47:13.279-47:13.692
Tick 38652(38636), Delay 9098 ms, IGT 32:11.651, RTA 47:14.393-47:23.491
Tick 38780(38764), Delay 714 ms, IGT 32:18.051, RTA 47:29.841-47:30.555
Tick 38791(38775), Delay 55 ms, IGT 32:18.601, RTA 47:31.053-47:31.108
Tick 38792(38776), Delay 808 ms, IGT 32:18.651, RTA 47:31.108-47:31.916
Tick 38795(38779), Delay 5432 ms, IGT 32:18.801, RTA 47:32.017-47:37.449
Tick 38799(38782), Delay 521 ms, IGT 32:18.951, RTA 47:37.599-47:38.120
Tick 38800(38782), Delay 24717 ms, IGT 32:18.951, RTA 47:38.120-48:02.837
Tick 38802(38783), Delay 19 ms, IGT 32:18.988, RTA 48:02.891-48:02.910
Tick 38824(38805), Delay 373 ms, IGT 32:20.088, RTA 48:03.960-48:04.333
Tick 38839(38820), Delay 10348 ms, IGT 32:20.838, RTA 48:05.033-48:15.381
Tick 39064(39045), Delay 7126 ms, IGT 32:32.088, RTA 48:26.583-48:33.709
Tick 39220(39201), Delay 3574 ms, IGT 32:39.888, RTA 48:41.461-48:45.035
Tick 39242(39223), Delay 1896 ms, IGT 32:40.988, RTA 48:46.086-48:47.982
Tick 39447(39428), Delay 7992 ms, IGT 32:51.238, RTA 48:58.186-49:06.178
Tick 39472(39453), Delay 3678 ms, IGT 32:52.488, RTA 49:07.376-49:11.054
Tick 39696(39677), Delay 1044 ms, IGT 33:03.688, RTA 49:22.206-49:23.250
Tick 39952(39933), Delay 670 ms, IGT 33:16.488, RTA 49:35.998-49:36.668
Tick 39983(39964), Delay 4828 ms, IGT 33:18.038, RTA 49:38.171-49:42.999
Tick 40027(40008), Delay 3584 ms, IGT 33:20.238, RTA 49:45.151-49:48.735
Tick 40392(40373), Delay 7171 ms, IGT 33:38.488, RTA 50:06.935-50:14.106
Tick 40412(40393), Delay 427 ms, IGT 33:39.488, RTA 50:15.053-50:15.480
Tick 40424(40405), Delay 18408 ms, IGT 33:40.088, RTA 50:16.031-50:34.439
Tick 40690(40671), Delay 6791 ms, IGT 33:53.388, RTA 50:47.690-50:54.481
Tick 40921(40902), Delay 6070 ms, IGT 34:04.938, RTA 51:05.984-51:12.054
Tick 40952(40933), Delay 1271 ms, IGT 34:06.488, RTA 51:13.556-51:14.827
Tick 41006(40987), Delay 55 ms, IGT 34:09.188, RTA 51:17.472-51:17.527
Tick 41079(41060), Delay 836 ms, IGT 34:12.838, RTA 51:21.124-51:21.960
Tick 41204(41185), Delay 472 ms, IGT 34:19.088, RTA 51:28.164-51:28.636
Tick 41291(41272), Delay 3666 ms, IGT 34:23.438, RTA 51:32.937-51:36.603
Tick 41308(41289), Delay 4974 ms, IGT 34:24.288, RTA 51:37.404-51:42.378
Tick 41340(41321), Delay 782 ms, IGT 34:25.888, RTA 51:43.930-51:44.712
Tick 41382(41363), Delay 363 ms, IGT 34:27.988, RTA 51:46.765-51:47.128
Tick 41397(41378), Delay 940 ms, IGT 34:28.738, RTA 51:47.831-51:48.771
Tick 41444(41425), Delay 6327 ms, IGT 34:31.088, RTA 51:51.073-51:57.400
Tick 41452(41433), Delay 1537 ms, IGT 34:31.488, RTA 51:57.753-51:59.290
Tick 41472(41453), Delay 45 ms, IGT 34:32.488, RTA 52:00.242-52:00.287
Tick 41586(41567), Delay 57 ms, IGT 34:38.188, RTA 52:05.937-52:05.994
Tick 41587(41568), Delay 42 ms, IGT 34:38.238, RTA 52:05.994-52:06.036
Tick 41947(41928), Delay 7547 ms, IGT 34:56.238, RTA 52:23.988-52:31.535
Tick 41960(41941), Delay 25098 ms, IGT 34:56.888, RTA 52:32.135-52:57.233
Tick 42168(42149), Delay 55 ms, IGT 35:07.288, RTA 53:07.580-53:07.635
Tick 43602(43583), Delay 55 ms, IGT 36:18.988, RTA 54:19.280-54:19.335
Tick 44085(44066), Delay 55 ms, IGT 36:43.138, RTA 54:43.430-54:43.485
Tick 44493(44474), Delay 454 ms, IGT 37:03.538, RTA 55:03.832-55:04.286
Tick 44632(44613), Delay 55 ms, IGT 37:10.488, RTA 55:11.184-55:11.239
Tick 44741(44722), Delay 55 ms, IGT 37:15.938, RTA 55:16.634-55:16.689
Tick 45364(45345), Delay 55 ms, IGT 37:47.088, RTA 55:47.784-55:47.839
Tick 45706(45687), Delay 55 ms, IGT 38:04.188, RTA 56:04.884-56:04.939
Tick 46583(46564), Delay 55 ms, IGT 38:48.038, RTA 56:48.734-56:48.789
Tick 46892(46873), Delay 45 ms, IGT 39:03.488, RTA 57:04.189-57:04.234
Tick 46893(46874), Delay 55 ms, IGT 39:03.538, RTA 57:04.234-57:04.289
Tick 47125(47106), Delay 55 ms, IGT 39:15.138, RTA 57:15.834-57:15.889
Tick 47924(47905), Delay 55 ms, IGT 39:55.088, RTA 57:55.784-57:55.839
Tick 48129(48110), Delay 56 ms, IGT 40:05.338, RTA 58:06.034-58:06.090
Tick 48130(48111), Delay 44 ms, IGT 40:05.388, RTA 58:06.090-58:06.134
Tick 48259(48240), Delay 55 ms, IGT 40:11.838, RTA 58:12.534-58:12.589
Tick 50447(50428), Delay 55 ms, IGT 42:01.238, RTA 1:00:01.934-1:00:01.989
Tick 50828(50809), Delay 55 ms, IGT 42:20.288, RTA 1:00:20.984-1:00:21.039
Tick 51396(51377), Delay 55 ms, IGT 42:48.688, RTA 1:00:49.384-1:00:49.439
Tick 53274(53255), Delay 45 ms, IGT 44:22.588, RTA 1:02:23.289-1:02:23.334
Tick 53337(53318), Delay 45 ms, IGT 44:25.738, RTA 1:02:26.439-1:02:26.484
Tick 53549(53530), Delay 44 ms, IGT 44:36.338, RTA 1:02:37.040-1:02:37.084
Tick 54756(54737), Delay 2732 ms, IGT 45:36.688, RTA 1:03:37.386-1:03:40.118
Tick 54855(54836), Delay 45 ms, IGT 45:41.638, RTA 1:03:45.021-1:03:45.066
Tick 54885(54866), Delay 6243 ms, IGT 45:43.138, RTA 1:03:46.519-1:03:52.762
Tick 54939(54920), Delay 460 ms, IGT 45:45.838, RTA 1:03:55.413-1:03:55.873
Tick 55104(55085), Delay 45 ms, IGT 45:54.088, RTA 1:04:04.077-1:04:04.122
Tick 55191(55172), Delay 597 ms, IGT 45:58.438, RTA 1:04:08.422-1:04:09.019
Tick 55226(55207), Delay 55 ms, IGT 46:00.188, RTA 1:04:10.716-1:04:10.771
Tick 55288(55269), Delay 2184 ms, IGT 46:03.288, RTA 1:04:13.821-1:04:16.005
Tick 55955(55936), Delay 7810 ms, IGT 46:36.638, RTA 1:04:49.305-1:04:57.115
Tick 56305(56286), Delay 55 ms, IGT 46:54.138, RTA 1:05:14.561-1:05:14.616
Tick 57001(56982), Delay 45 ms, IGT 47:28.938, RTA 1:05:49.366-1:05:49.411
Tick 57948(57929), Delay 55 ms, IGT 48:16.288, RTA 1:06:36.711-1:06:36.766
Tick 58328(58309), Delay 55 ms, IGT 48:35.288, RTA 1:06:55.711-1:06:55.766
Tick 59663(59644), Delay 45 ms, IGT 49:42.038, RTA 1:08:02.466-1:08:02.511
Tick 60631(60612), Delay 55 ms, IGT 50:30.438, RTA 1:08:50.861-1:08:50.916
Tick 60791(60772), Delay 55 ms, IGT 50:38.438, RTA 1:08:58.861-1:08:58.916
Tick 60866(60847), Delay 3171 ms, IGT 50:42.188, RTA 1:09:02.616-1:09:05.787
Tick 60950(60931), Delay 3313 ms, IGT 50:46.388, RTA 1:09:09.937-1:09:13.250
Tick 61036(61017), Delay 1080 ms, IGT 50:50.688, RTA 1:09:17.502-1:09:18.582
Tick 61048(61029), Delay 2075 ms, IGT 50:51.288, RTA 1:09:19.130-1:09:21.205
Tick 61856(61837), Delay 55 ms, IGT 51:31.688, RTA 1:10:01.552-1:10:01.607
Tick 62028(62009), Delay 55 ms, IGT 51:40.288, RTA 1:10:10.153-1:10:10.208
Tick 62071(62052), Delay 55 ms, IGT 51:42.438, RTA 1:10:12.302-1:10:12.357
Tick 62176(62157), Delay 45 ms, IGT 51:47.688, RTA 1:10:17.557-1:10:17.602
Tick 62382(62363), Delay 55 ms, IGT 51:57.988, RTA 1:10:27.852-1:10:27.907
Tick 62633(62614), Delay 55 ms, IGT 52:10.538, RTA 1:10:40.402-1:10:40.457
Tick 62824(62805), Delay 4112 ms, IGT 52:20.088, RTA 1:10:49.953-1:10:54.065
Tick 63560(63541), Delay 45 ms, IGT 52:56.888, RTA 1:11:30.817-1:11:30.862
Tick 64225(64206), Delay 5652 ms, IGT 53:30.138, RTA 1:12:04.066-1:12:09.718
Tick 64283(64264), Delay 55 ms, IGT 53:33.038, RTA 1:12:12.567-1:12:12.622
Tick 65027(65008), Delay 55 ms, IGT 54:10.238, RTA 1:12:49.767-1:12:49.822
Tick 65941(65922), Delay 55 ms, IGT 54:55.938, RTA 1:13:35.467-1:13:35.522
Tick 66776(66757), Delay 12238 ms, IGT 55:37.688, RTA 1:14:17.219-1:14:29.457
Tick 67636(67617), Delay 45 ms, IGT 56:20.688, RTA 1:15:12.411-1:15:12.456
Tick 68225(68206), Delay 45 ms, IGT 56:50.138, RTA 1:15:41.860-1:15:41.905
Tick 68875(68856), Delay 55 ms, IGT 57:22.638, RTA 1:16:14.355-1:16:14.410
Tick 68948(68929), Delay 45 ms, IGT 57:26.288, RTA 1:16:18.010-1:16:18.055
Tick 69163(69144), Delay 45 ms, IGT 57:37.038, RTA 1:16:28.760-1:16:28.805
Tick 69182(69163), Delay 55 ms, IGT 57:37.988, RTA 1:16:29.705-1:16:29.760
Tick 69205(69186), Delay 55 ms, IGT 57:39.138, RTA 1:16:30.855-1:16:30.910
Tick 69335(69316), Delay 1709 ms, IGT 57:45.638, RTA 1:16:37.356-1:16:39.065
Tick 69371(69352), Delay 5342 ms, IGT 57:47.438, RTA 1:16:40.814-1:16:46.156
Tick 70206(70187), Delay 45 ms, IGT 58:29.188, RTA 1:17:27.858-1:17:27.903
Tick 70243(70224), Delay 4175 ms, IGT 58:31.038, RTA 1:17:29.707-1:17:33.882
Tick 71055(71036), Delay 18672 ms, IGT 59:11.638, RTA 1:18:14.433-1:18:33.105
Tick 71207(71188), Delay 55 ms, IGT 59:19.238, RTA 1:18:40.653-1:18:40.708
Tick 72164(72145), Delay 55 ms, IGT 1:00:07.088, RTA 1:19:28.503-1:19:28.558
Tick 72234(72215), Delay 55 ms, IGT 1:00:10.588, RTA 1:19:32.003-1:19:32.058
Tick 72908(72889), Delay 45 ms, IGT 1:00:44.288, RTA 1:20:05.709-1:20:05.754
Tick 73155(73136), Delay 45 ms, IGT 1:00:56.638, RTA 1:20:18.058-1:20:18.103
Tick 73295(73276), Delay 55 ms, IGT 1:01:03.638, RTA 1:20:25.053-1:20:25.108
Tick 73556(73537), Delay 55 ms, IGT 1:01:16.688, RTA 1:20:38.103-1:20:38.158
Tick 73584(73565), Delay 45 ms, IGT 1:01:18.088, RTA 1:20:39.509-1:20:39.554
Tick 73596(73577), Delay 55 ms, IGT 1:01:18.688, RTA 1:20:40.103-1:20:40.158
Tick 73944(73925), Delay 55 ms, IGT 1:01:36.088, RTA 1:20:57.503-1:20:57.558
Tick 74164(74145), Delay 55 ms, IGT 1:01:47.088, RTA 1:21:08.503-1:21:08.558
Tick 74252(74233), Delay 55 ms, IGT 1:01:51.488, RTA 1:21:12.903-1:21:12.958
Tick 74324(74305), Delay 55 ms, IGT 1:01:55.088, RTA 1:21:16.503-1:21:16.558
Tick 74506(74487), Delay 45 ms, IGT 1:02:04.188, RTA 1:21:25.608-1:21:25.653
Tick 74741(74722), Delay 45 ms, IGT 1:02:15.938, RTA 1:21:37.358-1:21:37.403
Tick 74822(74803), Delay 55 ms, IGT 1:02:19.988, RTA 1:21:41.403-1:21:41.458
Tick 75323(75304), Delay 45 ms, IGT 1:02:45.038, RTA 1:22:06.458-1:22:06.503
Tick 75466(75447), Delay 55 ms, IGT 1:02:52.188, RTA 1:22:13.603-1:22:13.658
Tick 75606(75587), Delay 55 ms, IGT 1:02:59.188, RTA 1:22:20.603-1:22:20.658
Tick 75818(75799), Delay 55 ms, IGT 1:03:09.788, RTA 1:22:31.203-1:22:31.258
Tick 75842(75823), Delay 45 ms, IGT 1:03:10.988, RTA 1:22:32.408-1:22:32.453
Tick 75917(75898), Delay 55 ms, IGT 1:03:14.738, RTA 1:22:36.153-1:22:36.208
Tick 76546(76527), Delay 55 ms, IGT 1:03:46.188, RTA 1:23:07.603-1:23:07.658
Tick 76564(76545), Delay 45 ms, IGT 1:03:47.088, RTA 1:23:08.508-1:23:08.553
Tick 76734(76715), Delay 45 ms, IGT 1:03:55.588, RTA 1:23:17.008-1:23:17.053
Tick 76735(76716), Delay 55 ms, IGT 1:03:55.638, RTA 1:23:17.053-1:23:17.108
Tick 76766(76747), Delay 45 ms, IGT 1:03:57.188, RTA 1:23:18.608-1:23:18.653
Tick 76810(76791), Delay 55 ms, IGT 1:03:59.388, RTA 1:23:20.803-1:23:20.858
Tick 76811(76792), Delay 45 ms, IGT 1:03:59.438, RTA 1:23:20.858-1:23:20.903
Tick 77059(77040), Delay 45 ms, IGT 1:04:11.838, RTA 1:23:33.258-1:23:33.303
Tick 77670(77651), Delay 45 ms, IGT 1:04:42.388, RTA 1:24:03.808-1:24:03.853
Tick 77789(77770), Delay 45 ms, IGT 1:04:48.338, RTA 1:24:09.758-1:24:09.803
Tick 78083(78064), Delay 5627 ms, IGT 1:05:03.038, RTA 1:24:24.458-1:24:30.085
Tick 78324(78305), Delay 55 ms, IGT 1:05:15.088, RTA 1:24:42.081-1:24:42.136
Tick 78902(78883), Delay 55 ms, IGT 1:05:43.988, RTA 1:25:10.981-1:25:11.036
Tick 79002(78983), Delay 483 ms, IGT 1:05:48.988, RTA 1:25:15.984-1:25:16.467
Tick 79155(79136), Delay 87 ms, IGT 1:05:56.638, RTA 1:25:24.066-1:25:24.153
Tick 79156(79137), Delay 15 ms, IGT 1:05:56.688, RTA 1:25:24.153-1:25:24.168
Tick 79165(79146), Delay 1554711 ms, IGT 1:05:57.138, RTA 1:25:24.565-1:51:19.276
Tick 80030(80011), Delay 45 ms, IGT 1:06:40.388, RTA 1:52:02.478-1:52:02.523
Tick 80416(80397), Delay 55 ms, IGT 1:06:59.688, RTA 1:52:21.773-1:52:21.828
Tick 80425(80406), Delay 45 ms, IGT 1:07:00.138, RTA 1:52:22.228-1:52:22.273
Tick 80449(80430), Delay 45 ms, IGT 1:07:01.338, RTA 1:52:23.428-1:52:23.473
Tick 80649(80630), Delay 55 ms, IGT 1:07:11.338, RTA 1:52:33.423-1:52:33.478
Tick 80839(80820), Delay 45 ms, IGT 1:07:20.838, RTA 1:52:42.928-1:52:42.973
Tick 81807(81788), Delay 36753 ms, IGT 1:08:09.238, RTA 1:53:31.325-1:54:08.078
Tick 82211(82192), Delay 55 ms, IGT 1:08:29.438, RTA 1:54:28.225-1:54:28.280
Tick 82495(82476), Delay 55 ms, IGT 1:08:43.638, RTA 1:54:42.426-1:54:42.481
Tick 82608(82589), Delay 45 ms, IGT 1:08:49.288, RTA 1:54:48.080-1:54:48.125
Tick 83312(83293), Delay 45 ms, IGT 1:09:24.488, RTA 1:55:23.280-1:55:23.325
Tick 83443(83424), Delay 55 ms, IGT 1:09:31.038, RTA 1:55:29.825-1:55:29.880
Tick 84783(84764), Delay 55 ms, IGT 1:10:38.038, RTA 1:56:36.825-1:56:36.880
Tick 84980(84961), Delay 55 ms, IGT 1:10:47.888, RTA 1:56:46.675-1:56:46.730
Tick 85284(85265), Delay 14000 ms, IGT 1:11:03.088, RTA 1:57:01.876-1:57:15.876
Tick 85575(85556), Delay 717 ms, IGT 1:11:17.638, RTA 1:57:30.379-1:57:31.096
Tick 85592(85573), Delay 12109 ms, IGT 1:11:18.488, RTA 1:57:31.898-1:57:44.007
Tick 85595(85576), Delay 371 ms, IGT 1:11:18.638, RTA 1:57:44.105-1:57:44.476
Tick 85636(85617), Delay 23211 ms, IGT 1:11:20.688, RTA 1:57:46.477-1:58:09.688
Tick 85850(85831), Delay 44 ms, IGT 1:11:31.388, RTA 1:58:20.340-1:58:20.384
Tick 86687(86668), Delay 55 ms, IGT 1:12:13.238, RTA 1:59:02.185-1:59:02.240
Tick 86822(86803), Delay 55 ms, IGT 1:12:19.988, RTA 1:59:08.934-1:59:08.989
Tick 87116(87097), Delay 3394 ms, IGT 1:12:34.688, RTA 1:59:23.637-1:59:27.031
Tick 87296(87277), Delay 9839 ms, IGT 1:12:43.688, RTA 1:59:35.980-1:59:45.819
Tick 88581(88562), Delay 45 ms, IGT 1:13:47.938, RTA 2:00:50.021-2:00:50.066
Tick 89133(89114), Delay 3880 ms, IGT 1:14:15.538, RTA 2:01:17.620-2:01:21.500
Tick 89361(89342), Delay 3850 ms, IGT 1:14:26.938, RTA 2:01:32.851-2:01:36.701
Tick 89980(89961), Delay 55 ms, IGT 1:14:57.888, RTA 2:02:07.597-2:02:07.652
Tick 90257(90238), Delay 45 ms, IGT 1:15:11.738, RTA 2:02:21.452-2:02:21.497
Tick 90509(90490), Delay 55 ms, IGT 1:15:24.338, RTA 2:02:34.047-2:02:34.102
Tick 90832(90813), Delay 55 ms, IGT 1:15:40.488, RTA 2:02:50.197-2:02:50.252
Tick 90973(90954), Delay 55 ms, IGT 1:15:47.538, RTA 2:02:57.247-2:02:57.302
Tick 91226(91207), Delay 55 ms, IGT 1:16:00.188, RTA 2:03:09.897-2:03:09.952
Tick 91268(91249), Delay 55 ms, IGT 1:16:02.288, RTA 2:03:11.997-2:03:12.052
Tick 91307(91288), Delay 45 ms, IGT 1:16:04.238, RTA 2:03:13.952-2:03:13.997
Tick 91692(91673), Delay 43 ms, IGT 1:16:23.488, RTA 2:03:33.204-2:03:33.247
Tick 92136(92117), Delay 55 ms, IGT 1:16:45.688, RTA 2:03:55.397-2:03:55.452
Tick 92597(92578), Delay 55 ms, IGT 1:17:08.738, RTA 2:04:18.447-2:04:18.502
Tick 92659(92640), Delay 45 ms, IGT 1:17:11.838, RTA 2:04:21.552-2:04:21.597
Tick 93060(93041), Delay 45 ms, IGT 1:17:31.888, RTA 2:04:41.602-2:04:41.647
Tick 93493(93474), Delay 55 ms, IGT 1:17:53.538, RTA 2:05:03.247-2:05:03.302
Tick 93494(93475), Delay 45 ms, IGT 1:17:53.588, RTA 2:05:03.302-2:05:03.347
Tick 93876(93857), Delay 55 ms, IGT 1:18:12.688, RTA 2:05:22.397-2:05:22.452
Tick 94125(94106), Delay 55 ms, IGT 1:18:25.138, RTA 2:05:34.848-2:05:34.903
Tick 94126(94107), Delay 45 ms, IGT 1:18:25.188, RTA 2:05:34.903-2:05:34.948
Tick 94173(94154), Delay 55 ms, IGT 1:18:27.538, RTA 2:05:37.247-2:05:37.302
Tick 94190(94171), Delay 45 ms, IGT 1:18:28.388, RTA 2:05:38.102-2:05:38.147
Tick 94191(94172), Delay 55 ms, IGT 1:18:28.438, RTA 2:05:38.147-2:05:38.202
Tick 94192(94173), Delay 45 ms, IGT 1:18:28.488, RTA 2:05:38.202-2:05:38.247
Tick 94385(94366), Delay 55 ms, IGT 1:18:38.138, RTA 2:05:47.847-2:05:47.902
Tick 94514(94495), Delay 4807 ms, IGT 1:18:44.588, RTA 2:05:54.300-2:05:59.107
Tick 94541(94522), Delay 7607 ms, IGT 1:18:45.938, RTA 2:06:00.408-2:06:08.015
Tick 94839(94820), Delay 4438 ms, IGT 1:19:00.838, RTA 2:06:22.867-2:06:27.305
Tick 94880(94861), Delay 45 ms, IGT 1:19:02.888, RTA 2:06:29.306-2:06:29.351
Tick 94918(94899), Delay 4494 ms, IGT 1:19:04.788, RTA 2:06:31.202-2:06:35.696
Tick 95166(95147), Delay 45 ms, IGT 1:19:17.188, RTA 2:06:48.048-2:06:48.093
Tick 95796(95777), Delay 55 ms, IGT 1:19:48.688, RTA 2:07:19.543-2:07:19.598
Tick 96202(96183), Delay 55 ms, IGT 1:20:08.988, RTA 2:07:39.843-2:07:39.898
Tick 96203(96184), Delay 45 ms, IGT 1:20:09.038, RTA 2:07:39.898-2:07:39.943
Tick 96239(96220), Delay 45 ms, IGT 1:20:10.838, RTA 2:07:41.698-2:07:41.743
Tick 96286(96267), Delay 56 ms, IGT 1:20:13.188, RTA 2:07:44.043-2:07:44.099
Tick 96426(96407), Delay 55 ms, IGT 1:20:20.188, RTA 2:07:51.043-2:07:51.098
Tick 96709(96690), Delay 2191 ms, IGT 1:20:34.338, RTA 2:08:05.197-2:08:07.388
Tick 96785(96766), Delay 1768 ms, IGT 1:20:38.138, RTA 2:08:11.140-2:08:12.908
Tick 96860(96841), Delay 3378 ms, IGT 1:20:41.888, RTA 2:08:16.607-2:08:19.985
Tick 96972(96953), Delay 3997 ms, IGT 1:20:47.488, RTA 2:08:25.538-2:08:29.535
Tick 96996(96977), Delay 45 ms, IGT 1:20:48.688, RTA 2:08:30.689-2:08:30.734
Tick 97345(97326), Delay 55 ms, IGT 1:21:06.138, RTA 2:08:48.134-2:08:48.189
Tick 97460(97441), Delay 45 ms, IGT 1:21:11.888, RTA 2:08:53.889-2:08:53.934
Tick 97480(97461), Delay 55 ms, IGT 1:21:12.888, RTA 2:08:54.884-2:08:54.939
Tick 97866(97847), Delay 45 ms, IGT 1:21:32.188, RTA 2:09:14.189-2:09:14.234
Tick 98370(98351), Delay 55 ms, IGT 1:21:57.388, RTA 2:09:39.384-2:09:39.439
Tick 98442(98423), Delay 55 ms, IGT 1:22:00.988, RTA 2:09:42.984-2:09:43.039
Tick 98443(98424), Delay 45 ms, IGT 1:22:01.038, RTA 2:09:43.039-2:09:43.084
Tick 98444(98425), Delay 55 ms, IGT 1:22:01.088, RTA 2:09:43.084-2:09:43.139
Tick 98655(98636), Delay 55 ms, IGT 1:22:11.638, RTA 2:09:53.634-2:09:53.689
Tick 99198(99179), Delay 45 ms, IGT 1:22:38.788, RTA 2:10:20.789-2:10:20.834
Tick 99304(99285), Delay 55 ms, IGT 1:22:44.088, RTA 2:10:26.084-2:10:26.139
Tick 99567(99548), Delay 45 ms, IGT 1:22:57.238, RTA 2:10:39.239-2:10:39.284
Tick 99719(99700), Delay 45 ms, IGT 1:23:04.838, RTA 2:10:46.839-2:10:46.884
Tick 99737(99718), Delay 55 ms, IGT 1:23:05.738, RTA 2:10:47.734-2:10:47.789
Tick 101014(100995), Delay 55 ms, IGT 1:24:09.588, RTA 2:11:51.584-2:11:51.639
Tick 101066(101047), Delay 55 ms, IGT 1:24:12.188, RTA 2:11:54.184-2:11:54.239
Tick 101110(101091), Delay 55 ms, IGT 1:24:14.388, RTA 2:11:56.384-2:11:56.439
Tick 101325(101306), Delay 83787 ms, IGT 1:24:25.138, RTA 2:12:07.136-2:13:30.923
Tick 101858(101839), Delay 76 ms, IGT 1:24:51.788, RTA 2:13:57.525-2:13:57.601
Tick 101859(101840), Delay 23 ms, IGT 1:24:51.838, RTA 2:13:57.601-2:13:57.624
Tick 101868(101849), Delay 18620 ms, IGT 1:24:52.288, RTA 2:13:58.024-2:14:16.644
Tick 101894(101875), Delay 2585 ms, IGT 1:24:53.588, RTA 2:14:17.893-2:14:20.478
Tick 101944(101925), Delay 951 ms, IGT 1:24:56.088, RTA 2:14:22.928-2:14:23.879
Tick 102191(102172), Delay 55 ms, IGT 1:25:08.438, RTA 2:14:36.178-2:14:36.233
Tick 102234(102215), Delay 55 ms, IGT 1:25:10.588, RTA 2:14:38.328-2:14:38.383
Tick 102417(102398), Delay 45 ms, IGT 1:25:19.738, RTA 2:14:47.483-2:14:47.528
Tick 102777(102758), Delay 2412 ms, IGT 1:25:37.738, RTA 2:15:05.480-2:15:07.892
Tick 102990(102971), Delay 55 ms, IGT 1:25:48.388, RTA 2:15:18.492-2:15:18.547
Tick 103525(103506), Delay 45 ms, IGT 1:26:15.138, RTA 2:15:45.247-2:15:45.292
Tick 103568(103549), Delay 55 ms, IGT 1:26:17.288, RTA 2:15:47.392-2:15:47.447
Tick 103638(103619), Delay 45 ms, IGT 1:26:20.788, RTA 2:15:50.897-2:15:50.942
Tick 103658(103639), Delay 45 ms, IGT 1:26:21.788, RTA 2:15:51.897-2:15:51.942
Tick 103876(103857), Delay 55 ms, IGT 1:26:32.688, RTA 2:16:02.792-2:16:02.847
Tick 103977(103958), Delay 45 ms, IGT 1:26:37.738, RTA 2:16:07.847-2:16:07.892
Tick 104024(104005), Delay 55 ms, IGT 1:26:40.088, RTA 2:16:10.193-2:16:10.248
Tick 104031(104012), Delay 55 ms, IGT 1:26:40.438, RTA 2:16:10.542-2:16:10.597
Tick 104720(104701), Delay 1317 ms, IGT 1:27:14.888, RTA 2:16:44.996-2:16:46.313
Tick 105219(105200), Delay 55 ms, IGT 1:27:39.838, RTA 2:17:11.211-2:17:11.266
Tick 105396(105377), Delay 45 ms, IGT 1:27:48.688, RTA 2:17:20.066-2:17:20.111
Tick 105397(105378), Delay 55 ms, IGT 1:27:48.738, RTA 2:17:20.111-2:17:20.166
Tick 105529(105510), Delay 55 ms, IGT 1:27:55.338, RTA 2:17:26.711-2:17:26.766
Tick 105590(105571), Delay 45 ms, IGT 1:27:58.388, RTA 2:17:29.766-2:17:29.811
Tick 105773(105754), Delay 4006 ms, IGT 1:28:07.538, RTA 2:17:38.914-2:17:42.920
Tick 105787(105768), Delay 56 ms, IGT 1:28:08.238, RTA 2:17:43.570-2:17:43.626
Tick 105788(105769), Delay 18611 ms, IGT 1:28:08.288, RTA 2:17:43.626-2:18:02.237
Tick 105867(105848), Delay 55 ms, IGT 1:28:12.238, RTA 2:18:06.134-2:18:06.189
Tick 105950(105931), Delay 55 ms, IGT 1:28:16.388, RTA 2:18:10.284-2:18:10.339
Tick 105962(105943), Delay 9084 ms, IGT 1:28:16.988, RTA 2:18:10.887-2:18:19.971
Tick 106046(106027), Delay 1121 ms, IGT 1:28:21.188, RTA 2:18:24.120-2:18:25.241
Tick 106068(106049), Delay 620 ms, IGT 1:28:22.288, RTA 2:18:26.288-2:18:26.908
Tick 106132(106112), Delay 7686 ms, IGT 1:28:25.438, RTA 2:18:30.058-2:18:37.744
Tick 106264(106244), Delay 899 ms, IGT 1:28:31.992, RTA 2:18:44.294-2:18:45.193
Tick 106325(106305), Delay 719 ms, IGT 1:28:35.042, RTA 2:18:48.193-2:18:48.912
Tick 106329(106309), Delay 395 ms, IGT 1:28:35.242, RTA 2:18:49.061-2:18:49.456
Tick 106488(106468), Delay 62 ms, IGT 1:28:43.192, RTA 2:18:57.355-2:18:57.417
Tick 106489(106469), Delay 41 ms, IGT 1:28:43.242, RTA 2:18:57.417-2:18:57.458
Tick 106498(106478), Delay 14317 ms, IGT 1:28:43.692, RTA 2:18:57.857-2:19:12.174
Tick 106547(106527), Delay 163089 ms, IGT 1:28:46.142, RTA 2:19:14.572-2:21:57.661
Tick 106764(106744), Delay 55 ms, IGT 1:28:56.992, RTA 2:22:08.459-2:22:08.514
Tick 106992(106972), Delay 47326 ms, IGT 1:29:08.392, RTA 2:22:19.863-2:23:07.189
Tick 107046(107026), Delay 2104 ms, IGT 1:29:11.092, RTA 2:23:09.837-2:23:11.941
Tick 107073(107053), Delay 58 ms, IGT 1:29:12.442, RTA 2:23:13.244-2:23:13.302
Tick 107074(107054), Delay 38 ms, IGT 1:29:12.492, RTA 2:23:13.302-2:23:13.340
Tick 107096(107076), Delay 55 ms, IGT 1:29:13.592, RTA 2:23:14.389-2:23:14.444
Tick 107190(107170), Delay 45 ms, IGT 1:29:18.292, RTA 2:23:19.094-2:23:19.139
Tick 107256(107236), Delay 45 ms, IGT 1:29:21.592, RTA 2:23:22.394-2:23:22.439
Tick 107424(107404), Delay 43033 ms, IGT 1:29:29.992, RTA 2:23:30.791-2:24:13.824
Tick 107428(107408), Delay 2202 ms, IGT 1:29:30.192, RTA 2:24:13.974-2:24:16.176
Tick 107480(107460), Delay 361 ms, IGT 1:29:32.792, RTA 2:24:18.724-2:24:19.085
Tick 107492(107472), Delay 11603 ms, IGT 1:29:33.392, RTA 2:24:19.633-2:24:31.236
Tick 107521(107501), Delay 1034 ms, IGT 1:29:34.842, RTA 2:24:32.637-2:24:33.671
Tick 107542(107522), Delay 55 ms, IGT 1:29:35.892, RTA 2:24:34.670-2:24:34.725
Tick 107574(107554), Delay 588 ms, IGT 1:29:37.492, RTA 2:24:36.271-2:24:36.859
Tick 107707(107687), Delay 781 ms, IGT 1:29:44.142, RTA 2:24:43.461-2:24:44.242
Tick 108013(107993), Delay 55 ms, IGT 1:29:59.442, RTA 2:24:59.490-2:24:59.545
Tick 108120(108100), Delay 6332 ms, IGT 1:30:04.792, RTA 2:25:04.843-2:25:11.175
Tick 108141(108121), Delay 50600 ms, IGT 1:30:05.842, RTA 2:25:12.173-2:26:02.773
Tick 108257(108237), Delay 976 ms, IGT 1:30:11.642, RTA 2:26:08.525-2:26:09.501
Tick 108282(108262), Delay 991 ms, IGT 1:30:12.892, RTA 2:26:10.703-2:26:11.694
Tick 108315(108295), Delay 1366 ms, IGT 1:30:14.542, RTA 2:26:13.294-2:26:14.660
Tick 108322(108302), Delay 21324 ms, IGT 1:30:14.892, RTA 2:26:14.962-2:26:36.286
Tick 108346(108326), Delay 55 ms, IGT 1:30:16.092, RTA 2:26:37.433-2:26:37.488
Tick 108556(108536), Delay 55 ms, IGT 1:30:26.592, RTA 2:26:47.933-2:26:47.988
Tick 108683(108663), Delay 73261 ms, IGT 1:30:32.942, RTA 2:26:54.288-2:28:07.549
Tick 108924(108904), Delay 527 ms, IGT 1:30:44.992, RTA 2:28:19.552-2:28:20.079
Tick 108952(108932), Delay 478 ms, IGT 1:30:46.392, RTA 2:28:21.432-2:28:21.910
Tick 108975(108955), Delay 45 ms, IGT 1:30:47.542, RTA 2:28:23.014-2:28:23.059
Tick 108976(108956), Delay 55 ms, IGT 1:30:47.592, RTA 2:28:23.059-2:28:23.114
Tick 109086(109066), Delay 7739 ms, IGT 1:30:53.092, RTA 2:28:28.561-2:28:36.300
Tick 109391(109371), Delay 55 ms, IGT 1:31:08.342, RTA 2:28:51.499-2:28:51.554
Tick 109439(109419), Delay 17525 ms, IGT 1:31:10.742, RTA 2:28:53.901-2:29:11.426
Tick 109557(109537), Delay 29054 ms, IGT 1:31:16.642, RTA 2:29:17.278-2:29:46.332
Tick 109788(109768), Delay 55 ms, IGT 1:31:28.192, RTA 2:29:57.832-2:29:57.887
Tick 109789(109769), Delay 605 ms, IGT 1:31:28.242, RTA 2:29:57.887-2:29:58.492
Tick 109810(109790), Delay 963 ms, IGT 1:31:29.292, RTA 2:29:59.496-2:30:00.459
Tick 110001(109981), Delay 55 ms, IGT 1:31:38.842, RTA 2:30:09.956-2:30:10.011
Tick 110108(110088), Delay 5620 ms, IGT 1:31:44.192, RTA 2:30:15.308-2:30:20.928
Tick 110208(110188), Delay 27390 ms, IGT 1:31:49.192, RTA 2:30:25.877-2:30:53.267
Tick 110259(110239), Delay 55 ms, IGT 1:31:51.742, RTA 2:30:55.765-2:30:55.820
Tick 110384(110364), Delay 475 ms, IGT 1:31:57.992, RTA 2:31:02.016-2:31:02.491
Tick 110588(110568), Delay 432 ms, IGT 1:32:08.192, RTA 2:31:12.641-2:31:13.073
Tick 110757(110737), Delay 6551 ms, IGT 1:32:16.642, RTA 2:31:21.472-2:31:28.023
Tick 110924(110904), Delay 3058 ms, IGT 1:32:24.992, RTA 2:31:36.324-2:31:39.382
Tick 111121(111101), Delay 4388 ms, IGT 1:32:34.842, RTA 2:31:49.180-2:31:53.568
Tick 111153(111133), Delay 45 ms, IGT 1:32:36.442, RTA 2:31:55.122-2:31:55.167
Tick 111234(111214), Delay 4467 ms, IGT 1:32:40.492, RTA 2:31:59.170-2:32:03.637
Tick 111290(111270), Delay 2806 ms, IGT 1:32:43.292, RTA 2:32:06.391-2:32:09.197
Tick 111297(111277), Delay 22888 ms, IGT 1:32:43.642, RTA 2:32:09.499-2:32:32.387
Tick 111385(111365), Delay 417 ms, IGT 1:32:48.042, RTA 2:32:36.735-2:32:37.152
Tick 111589(111569), Delay 1104 ms, IGT 1:32:58.242, RTA 2:32:47.301-2:32:48.405
Tick 111844(111824), Delay 3266 ms, IGT 1:33:10.992, RTA 2:33:01.107-2:33:04.373
Tick 111865(111845), Delay 2080 ms, IGT 1:33:12.042, RTA 2:33:05.374-2:33:07.454
Tick 112022(112002), Delay 45 ms, IGT 1:33:19.892, RTA 2:33:15.255-2:33:15.300
Tick 112036(112016), Delay 55 ms, IGT 1:33:20.592, RTA 2:33:15.950-2:33:16.005
Tick 113085(113065), Delay 56 ms, IGT 1:34:13.042, RTA 2:34:08.401-2:34:08.457
Tick 113086(113066), Delay 43 ms, IGT 1:34:13.092, RTA 2:34:08.457-2:34:08.500
Tick 113374(113354), Delay 55 ms, IGT 1:34:27.492, RTA 2:34:22.850-2:34:22.905
Tick 113444(113424), Delay 367 ms, IGT 1:34:30.992, RTA 2:34:26.352-2:34:26.719
Tick 113496(113476), Delay 305 ms, IGT 1:34:33.592, RTA 2:34:29.268-2:34:29.573
Tick 113503(113483), Delay 392 ms, IGT 1:34:33.942, RTA 2:34:29.875-2:34:30.267
Tick 113626(113606), Delay 9123 ms, IGT 1:34:40.092, RTA 2:34:36.371-2:34:45.494
Tick 113842(113822), Delay 1681 ms, IGT 1:34:50.892, RTA 2:34:56.246-2:34:57.927
Tick 113932(113912), Delay 589 ms, IGT 1:34:55.392, RTA 2:35:02.377-2:35:02.966
Tick 114278(114258), Delay 736 ms, IGT 1:35:12.692, RTA 2:35:20.216-2:35:20.952
Tick 114292(114272), Delay 624 ms, IGT 1:35:13.392, RTA 2:35:21.602-2:35:22.226
Tick 114337(114317), Delay 55 ms, IGT 1:35:15.642, RTA 2:35:24.425-2:35:24.480
Tick 114360(114340), Delay 55 ms, IGT 1:35:16.792, RTA 2:35:25.575-2:35:25.630
Tick 114436(114416), Delay 55 ms, IGT 1:35:20.592, RTA 2:35:29.375-2:35:29.430
Tick 114666(114646), Delay 2367 ms, IGT 1:35:32.092, RTA 2:35:40.876-2:35:43.243
Tick 115185(115165), Delay 55 ms, IGT 1:35:58.042, RTA 2:36:09.140-2:36:09.195
Tick 115254(115234), Delay 5877 ms, IGT 1:36:01.492, RTA 2:36:12.596-2:36:18.473
Tick 115708(115688), Delay 13538 ms, IGT 1:36:24.192, RTA 2:36:41.123-2:36:54.661
Tick 115789(115769), Delay 3867 ms, IGT 1:36:28.242, RTA 2:36:58.662-2:37:02.529
Tick 115893(115873), Delay 55 ms, IGT 1:36:33.442, RTA 2:37:07.677-2:37:07.732
Tick 115894(115874), Delay 2716 ms, IGT 1:36:33.492, RTA 2:37:07.732-2:37:10.448
Tick 116329(116309), Delay 55 ms, IGT 1:36:55.242, RTA 2:37:32.145-2:37:32.200
Tick 116702(116682), Delay 1267 ms, IGT 1:37:13.892, RTA 2:37:50.801-2:37:52.068
Tick 117016(116996), Delay 45 ms, IGT 1:37:29.592, RTA 2:38:07.719-2:38:07.764
Tick 117278(117258), Delay 5811 ms, IGT 1:37:42.692, RTA 2:38:20.817-2:38:26.628
Tick 117573(117553), Delay 592 ms, IGT 1:37:57.442, RTA 2:38:41.329-2:38:41.921
Tick 117801(117781), Delay 55 ms, IGT 1:38:08.842, RTA 2:38:53.268-2:38:53.323
Tick 117841(117821), Delay 55 ms, IGT 1:38:10.842, RTA 2:38:55.269-2:38:55.324
Tick 117918(117898), Delay 55 ms, IGT 1:38:14.692, RTA 2:38:59.118-2:38:59.173
Tick 118000(117980), Delay 44 ms, IGT 1:38:18.792, RTA 2:39:03.224-2:39:03.268
Tick 118095(118075), Delay 55 ms, IGT 1:38:23.542, RTA 2:39:07.968-2:39:08.023
Tick 118123(118103), Delay 45 ms, IGT 1:38:24.942, RTA 2:39:09.374-2:39:09.419
Tick 118193(118173), Delay 56 ms, IGT 1:38:28.442, RTA 2:39:12.869-2:39:12.925
Tick 118194(118174), Delay 44 ms, IGT 1:38:28.492, RTA 2:39:12.925-2:39:12.969
Tick 119033(119013), Delay 55 ms, IGT 1:39:10.442, RTA 2:39:54.868-2:39:54.923
Tick 119306(119286), Delay 90045 ms, IGT 1:39:24.092, RTA 2:40:08.522-2:41:38.567
Tick 119385(119365), Delay 5624 ms, IGT 1:39:28.042, RTA 2:41:42.468-2:41:48.092
Tick 119393(119373), Delay 55 ms, IGT 1:39:28.442, RTA 2:41:48.440-2:41:48.495
Tick 119431(119411), Delay 55 ms, IGT 1:39:30.342, RTA 2:41:50.339-2:41:50.394
Tick 119458(119438), Delay 45 ms, IGT 1:39:31.692, RTA 2:41:51.695-2:41:51.740
Tick 119514(119494), Delay 697 ms, IGT 1:39:34.492, RTA 2:41:54.492-2:41:55.189
Tick 119618(119598), Delay 8198 ms, IGT 1:39:39.692, RTA 2:42:00.341-2:42:08.539
Tick 119763(119743), Delay 992 ms, IGT 1:39:46.942, RTA 2:42:15.740-2:42:16.732
Tick 119794(119774), Delay 55 ms, IGT 1:39:48.492, RTA 2:42:18.229-2:42:18.284
Tick 119898(119878), Delay 34601 ms, IGT 1:39:53.692, RTA 2:42:23.434-2:42:58.035
Tick 119983(119963), Delay 25470 ms, IGT 1:39:57.942, RTA 2:43:02.235-2:43:27.705
Tick 120142(120122), Delay 15631 ms, IGT 1:40:05.892, RTA 2:43:35.607-2:43:51.238
Tick 120166(120146), Delay 15510 ms, IGT 1:40:07.092, RTA 2:43:52.391-2:44:07.901
Tick 120378(120358), Delay 45 ms, IGT 1:40:17.692, RTA 2:44:18.453-2:44:18.498
Tick 120719(120699), Delay 24070 ms, IGT 1:40:34.742, RTA 2:44:35.501-2:44:59.571
Tick 120859(120839), Delay 477 ms, IGT 1:40:41.742, RTA 2:45:06.522-2:45:06.999
Tick 120864(120844), Delay 8958 ms, IGT 1:40:41.992, RTA 2:45:07.201-2:45:16.159
Tick 121360(121340), Delay 55 ms, IGT 1:41:06.792, RTA 2:45:40.908-2:45:40.963
Tick 121386(121366), Delay 45 ms, IGT 1:41:08.092, RTA 2:45:42.213-2:45:42.258
Tick 121543(121523), Delay 1455 ms, IGT 1:41:15.942, RTA 2:45:50.063-2:45:51.518
Tick 121561(121541), Delay 897 ms, IGT 1:41:16.842, RTA 2:45:52.368-2:45:53.265
Tick 121922(121902), Delay 55 ms, IGT 1:41:34.892, RTA 2:46:11.266-2:46:11.321
Tick 121923(121903), Delay 595 ms, IGT 1:41:34.942, RTA 2:46:11.321-2:46:11.916
Tick 122193(122173), Delay 550 ms, IGT 1:41:48.442, RTA 2:46:25.366-2:46:25.916
Tick 122464(122444), Delay 4925 ms, IGT 1:42:01.992, RTA 2:46:39.418-2:46:44.343
Tick 122553(122533), Delay 2540 ms, IGT 1:42:06.442, RTA 2:46:48.742-2:46:51.282
Tick 122710(122690), Delay 1466 ms, IGT 1:42:14.292, RTA 2:46:59.083-2:47:00.549
Tick 122720(122700), Delay 2676 ms, IGT 1:42:14.792, RTA 2:47:00.998-2:47:03.674
Tick 122725(122705), Delay 347 ms, IGT 1:42:15.042, RTA 2:47:03.872-2:47:04.219
Tick 123133(123113), Delay 45 ms, IGT 1:42:35.442, RTA 2:47:24.573-2:47:24.618
Tick 123218(123198), Delay 1565 ms, IGT 1:42:39.692, RTA 2:47:28.823-2:47:30.388
Tick 123230(123210), Delay 3241 ms, IGT 1:42:40.292, RTA 2:47:30.937-2:47:34.178
Tick 123247(123227), Delay 3224 ms, IGT 1:42:41.142, RTA 2:47:34.980-2:47:38.204
Tick 123257(123237), Delay 45 ms, IGT 1:42:41.642, RTA 2:47:38.657-2:47:38.702
Tick 123406(123386), Delay 55 ms, IGT 1:42:49.092, RTA 2:47:46.102-2:47:46.157
Tick 123477(123457), Delay 55 ms, IGT 1:42:52.642, RTA 2:47:49.652-2:47:49.707
Tick 123655(123635), Delay 55 ms, IGT 1:43:01.542, RTA 2:47:58.552-2:47:58.607
Tick 123718(123698), Delay 55 ms, IGT 1:43:04.692, RTA 2:48:01.702-2:48:01.757
Tick 123848(123828), Delay 3725 ms, IGT 1:43:11.192, RTA 2:48:08.206-2:48:11.931
Tick 123923(123903), Delay 45 ms, IGT 1:43:14.942, RTA 2:48:15.634-2:48:15.679
Tick 123979(123959), Delay 3219 ms, IGT 1:43:17.742, RTA 2:48:18.433-2:48:21.652
Tick 123991(123971), Delay 778 ms, IGT 1:43:18.342, RTA 2:48:22.204-2:48:22.982
Tick 124003(123983), Delay 3216 ms, IGT 1:43:18.942, RTA 2:48:23.534-2:48:26.750
Tick 124142(124122), Delay 55 ms, IGT 1:43:25.892, RTA 2:48:33.649-2:48:33.704
Tick 124143(124123), Delay 43 ms, IGT 1:43:25.942, RTA 2:48:33.704-2:48:33.747
Tick 124250(124230), Delay 55 ms, IGT 1:43:31.292, RTA 2:48:39.048-2:48:39.103
Tick 124251(124231), Delay 45 ms, IGT 1:43:31.342, RTA 2:48:39.103-2:48:39.148
Tick 124477(124457), Delay 2310 ms, IGT 1:43:42.642, RTA 2:48:50.400-2:48:52.710
Tick 124519(124499), Delay 3385 ms, IGT 1:43:44.742, RTA 2:48:54.762-2:48:58.147
Tick 124588(124568), Delay 45 ms, IGT 1:43:48.192, RTA 2:49:01.550-2:49:01.595
Tick 125125(125105), Delay 54135 ms, IGT 1:44:15.042, RTA 2:49:28.398-2:50:22.533
Tick 125191(125171), Delay 55 ms, IGT 1:44:18.342, RTA 2:50:25.779-2:50:25.834
Tick 125204(125184), Delay 1452 ms, IGT 1:44:18.992, RTA 2:50:26.434-2:50:27.886
Tick 125261(125241), Delay 3255 ms, IGT 1:44:21.842, RTA 2:50:30.687-2:50:33.942
Tick 125309(125289), Delay 687 ms, IGT 1:44:24.242, RTA 2:50:36.295-2:50:36.982
Tick 125505(125485), Delay 6812 ms, IGT 1:44:34.042, RTA 2:50:46.731-2:50:53.543
Tick 125511(125491), Delay 2450 ms, IGT 1:44:34.342, RTA 2:50:53.793-2:50:56.243
Tick 125515(125495), Delay 3949 ms, IGT 1:44:34.542, RTA 2:50:56.393-2:51:00.342
Tick 125558(125538), Delay 4831 ms, IGT 1:44:36.692, RTA 2:51:02.442-2:51:07.273
Tick 125794(125774), Delay 57 ms, IGT 1:44:48.492, RTA 2:51:19.021-2:51:19.078
Tick 125795(125775), Delay 44 ms, IGT 1:44:48.542, RTA 2:51:19.078-2:51:19.122
Tick 126167(126147), Delay 45 ms, IGT 1:45:07.142, RTA 2:51:37.675-2:51:37.720
Tick 126344(126324), Delay 2419 ms, IGT 1:45:15.992, RTA 2:51:46.522-2:51:48.941
Tick 126370(126350), Delay 45 ms, IGT 1:45:17.292, RTA 2:51:50.193-2:51:50.238
Tick 126706(126686), Delay 2088 ms, IGT 1:45:34.092, RTA 2:52:06.992-2:52:09.080
Tick 127164(127144), Delay 55 ms, IGT 1:45:56.992, RTA 2:52:31.929-2:52:31.984
Tick 127182(127162), Delay 1945 ms, IGT 1:45:57.892, RTA 2:52:32.833-2:52:34.778
Tick 127187(127167), Delay 1126 ms, IGT 1:45:58.142, RTA 2:52:34.975-2:52:36.101
Tick 127352(127332), Delay 45 ms, IGT 1:46:06.392, RTA 2:52:44.304-2:52:44.349
Tick 127680(127660), Delay 3747 ms, IGT 1:46:22.792, RTA 2:53:00.702-2:53:04.449
Tick 127706(127686), Delay 3790 ms, IGT 1:46:24.092, RTA 2:53:05.700-2:53:09.490
Tick 127719(127699), Delay 8451 ms, IGT 1:46:24.742, RTA 2:53:10.090-2:53:18.541
Tick 127733(127713), Delay 660 ms, IGT 1:46:25.442, RTA 2:53:19.195-2:53:19.855
Tick 127738(127718), Delay 372 ms, IGT 1:46:25.692, RTA 2:53:20.053-2:53:20.425
Tick 127914(127894), Delay 2529 ms, IGT 1:46:34.492, RTA 2:53:29.177-2:53:31.706
Tick 128415(128395), Delay 7186 ms, IGT 1:46:59.542, RTA 2:53:56.707-2:54:03.893
Tick 128957(128937), Delay 2619 ms, IGT 1:47:26.642, RTA 2:54:30.944-2:54:33.563
Tick 128982(128962), Delay 981 ms, IGT 1:47:27.892, RTA 2:54:34.764-2:54:35.745
Tick 128996(128976), Delay 4305 ms, IGT 1:47:28.592, RTA 2:54:36.394-2:54:40.699
Tick 129359(129339), Delay 45 ms, IGT 1:47:46.742, RTA 2:54:58.802-2:54:58.847
Tick 129524(129504), Delay 55 ms, IGT 1:47:54.992, RTA 2:55:07.048-2:55:07.103
Tick 129525(129505), Delay 8215 ms, IGT 1:47:55.042, RTA 2:55:07.103-2:55:15.318
Tick 129560(129540), Delay 66 ms, IGT 1:47:56.792, RTA 2:55:17.016-2:55:17.082
Tick 129561(129541), Delay 37 ms, IGT 1:47:56.842, RTA 2:55:17.082-2:55:17.119
Tick 129570(129550), Delay 1254 ms, IGT 1:47:57.292, RTA 2:55:17.519-2:55:18.773
Tick 129604(129584), Delay 382 ms, IGT 1:47:58.992, RTA 2:55:20.424-2:55:20.806
Tick 129608(129588), Delay 5109 ms, IGT 1:47:59.192, RTA 2:55:20.954-2:55:26.063
Tick 129803(129783), Delay 331 ms, IGT 1:48:08.942, RTA 2:55:35.764-2:55:36.095
Tick 129830(129810), Delay 2781 ms, IGT 1:48:10.292, RTA 2:55:37.392-2:55:40.173
Tick 129869(129849), Delay 7832 ms, IGT 1:48:12.242, RTA 2:55:42.072-2:55:49.904
Tick 129887(129867), Delay 3868 ms, IGT 1:48:13.142, RTA 2:55:50.757-2:55:54.625
Tick 129957(129937), Delay 2791 ms, IGT 1:48:16.642, RTA 2:55:58.075-2:56:00.866
Tick 130440(130420), Delay 20204 ms, IGT 1:48:40.792, RTA 2:56:24.967-2:56:45.171
Tick 130737(130717), Delay 45 ms, IGT 1:48:55.642, RTA 2:56:59.975-2:57:00.020
Tick 130910(130890), Delay 5657 ms, IGT 1:49:04.292, RTA 2:57:08.622-2:57:14.279
Tick 130921(130901), Delay 4071 ms, IGT 1:49:04.842, RTA 2:57:14.780-2:57:18.851
Tick 130929(130909), Delay 3383 ms, IGT 1:49:05.242, RTA 2:57:19.200-2:57:22.583
Tick 131098(131078), Delay 1746 ms, IGT 1:49:13.692, RTA 2:57:30.984-2:57:32.730
Tick 131223(131203), Delay 7724 ms, IGT 1:49:19.942, RTA 2:57:38.934-2:57:46.658
Tick 131249(131229), Delay 6684 ms, IGT 1:49:21.242, RTA 2:57:47.909-2:57:54.593
Tick 131277(131257), Delay 2612 ms, IGT 1:49:22.642, RTA 2:57:55.944-2:57:58.556
Tick 131368(131348), Delay 8078 ms, IGT 1:49:27.192, RTA 2:58:03.058-2:58:11.136
Tick 131388(131368), Delay 655 ms, IGT 1:49:28.192, RTA 2:58:12.084-2:58:12.739
Tick 131405(131385), Delay 561 ms, IGT 1:49:29.042, RTA 2:58:13.541-2:58:14.102
Tick 131413(131393), Delay 7019 ms, IGT 1:49:29.442, RTA 2:58:14.451-2:58:21.470
Tick 131423(131403), Delay 1245 ms, IGT 1:49:29.942, RTA 2:58:21.920-2:58:23.165
Tick 131430(131410), Delay 3030 ms, IGT 1:49:30.292, RTA 2:58:23.462-2:58:26.492
Tick 131442(131422), Delay 931 ms, IGT 1:49:30.892, RTA 2:58:27.045-2:58:27.976
Tick 131455(131435), Delay 1008 ms, IGT 1:49:31.542, RTA 2:58:28.577-2:58:29.585
Tick 131474(131454), Delay 1254 ms, IGT 1:49:32.492, RTA 2:58:30.485-2:58:31.739
Tick 131480(131460), Delay 3400 ms, IGT 1:49:32.792, RTA 2:58:31.989-2:58:35.389
Tick 131495(131475), Delay 793 ms, IGT 1:49:33.542, RTA 2:58:36.092-2:58:36.885
Tick 131506(131486), Delay 1022 ms, IGT 1:49:34.092, RTA 2:58:37.383-2:58:38.405
Tick 131517(131497), Delay 861 ms, IGT 1:49:34.642, RTA 2:58:38.906-2:58:39.767
Tick 131530(131510), Delay 865 ms, IGT 1:49:35.292, RTA 2:58:40.368-2:58:41.233
Tick 131544(131524), Delay 481 ms, IGT 1:49:35.992, RTA 2:58:41.887-2:58:42.368
Tick 131552(131532), Delay 554 ms, IGT 1:49:36.392, RTA 2:58:42.718-2:58:43.272
Tick 131563(131543), Delay 387 ms, IGT 1:49:36.942, RTA 2:58:43.771-2:58:44.158
Tick 131584(131564), Delay 362 ms, IGT 1:49:37.992, RTA 2:58:45.161-2:58:45.523
Tick 131909(131889), Delay 462 ms, IGT 1:49:54.242, RTA 2:59:01.724-2:59:02.186
Tick 132709(132689), Delay 55 ms, IGT 1:50:34.242, RTA 2:59:42.131-2:59:42.186
Tick 132870(132850), Delay 1774 ms, IGT 1:50:42.292, RTA 2:59:50.184-2:59:51.958
Tick 132923(132903), Delay 2211 ms, IGT 1:50:44.942, RTA 2:59:54.556-2:59:56.767
Tick 133135(133115), Delay 55 ms, IGT 1:50:55.542, RTA 3:00:07.312-3:00:07.367
Tick 133516(133496), Delay 349 ms, IGT 1:51:14.592, RTA 3:00:26.365-3:00:26.714
Tick 133520(133500), Delay 4567 ms, IGT 1:51:14.792, RTA 3:00:26.867-3:00:31.434
Tick 133526(133506), Delay 350 ms, IGT 1:51:15.092, RTA 3:00:31.686-3:00:32.036
Tick 133655(133635), Delay 55 ms, IGT 1:51:21.542, RTA 3:00:38.432-3:00:38.487
Tick 133742(133722), Delay 853 ms, IGT 1:51:25.892, RTA 3:00:42.786-3:00:43.639
Tick 133750(133730), Delay 2013 ms, IGT 1:51:26.292, RTA 3:00:43.986-3:00:45.999
Tick 133775(133755), Delay 3017 ms, IGT 1:51:27.542, RTA 3:00:47.198-3:00:50.215
Tick 133790(133770), Delay 2269 ms, IGT 1:51:28.292, RTA 3:00:50.912-3:00:53.181
Tick 133796(133776), Delay 3945 ms, IGT 1:51:28.592, RTA 3:00:53.428-3:00:57.373
Tick 133816(133796), Delay 3568 ms, IGT 1:51:29.592, RTA 3:00:58.323-3:01:01.891
Tick 133836(133816), Delay 560 ms, IGT 1:51:30.592, RTA 3:01:02.844-3:01:03.404
Tick 133847(133827), Delay 699 ms, IGT 1:51:31.142, RTA 3:01:03.903-3:01:04.602
Tick 133856(133836), Delay 2472 ms, IGT 1:51:31.592, RTA 3:01:05.001-3:01:07.473
Tick 133873(133853), Delay 4469 ms, IGT 1:51:32.442, RTA 3:01:08.271-3:01:12.740
Tick 133896(133876), Delay 2334 ms, IGT 1:51:33.592, RTA 3:01:13.840-3:01:16.174
Tick 133914(133894), Delay 2100 ms, IGT 1:51:34.492, RTA 3:01:17.027-3:01:19.127
Tick 133935(133915), Delay 654 ms, IGT 1:51:35.542, RTA 3:01:20.128-3:01:20.782
Tick 133945(133925), Delay 365 ms, IGT 1:51:36.042, RTA 3:01:21.233-3:01:21.598
Tick 133955(133935), Delay 331 ms, IGT 1:51:36.542, RTA 3:01:22.049-3:01:22.380
Tick 133978(133958), Delay 2624 ms, IGT 1:51:37.692, RTA 3:01:23.481-3:01:26.105
Tick 133990(133970), Delay 5669 ms, IGT 1:51:38.292, RTA 3:01:26.657-3:01:32.326
Tick 134005(133985), Delay 6088 ms, IGT 1:51:39.042, RTA 3:01:33.027-3:01:39.115
Tick 134012(133992), Delay 772 ms, IGT 1:51:39.392, RTA 3:01:39.414-3:01:40.186
Tick 134018(133998), Delay 3282 ms, IGT 1:51:39.692, RTA 3:01:40.438-3:01:43.720
Tick 134061(134041), Delay 55 ms, IGT 1:51:41.842, RTA 3:01:45.817-3:01:45.872
Tick 134427(134407), Delay 4108 ms, IGT 1:52:00.142, RTA 3:02:04.121-3:02:08.229
Tick 135154(135134), Delay 55 ms, IGT 1:52:36.492, RTA 3:02:44.526-3:02:44.581
Tick 135283(135263), Delay 55 ms, IGT 1:52:42.942, RTA 3:02:50.976-3:02:51.031
Tick 135666(135646), Delay 56 ms, IGT 1:53:02.092, RTA 3:03:10.127-3:03:10.183
Tick 136125(136104), Delay 185 ms, IGT 1:53:24.992, RTA 3:03:33.080-3:03:33.265
Tick 136126(136104), Delay 251145 ms, IGT 1:53:24.992, RTA 3:03:33.265-3:07:44.410
Tick 136127(136104), Delay 56 ms, IGT 1:53:24.992, RTA 3:07:44.410-3:07:44.466, due world load
Tick 136128(136105), Delay 32 ms, IGT 1:53:25.041, RTA 3:07:44.466-3:07:44.498
Tick 136764(136741), Delay 536 ms, IGT 1:53:56.841, RTA 3:08:16.248-3:08:16.784
Tick 136873(136850), Delay 20494 ms, IGT 1:54:02.291, RTA 3:08:22.186-3:08:42.680
Tick 137021(136998), Delay 55 ms, IGT 1:54:09.691, RTA 3:08:50.027-3:08:50.082
Tick 137204(137181), Delay 473 ms, IGT 1:54:18.841, RTA 3:08:59.181-3:08:59.654
Tick 137219(137196), Delay 55 ms, IGT 1:54:19.591, RTA 3:09:00.352-3:09:00.407
Tick 137356(137333), Delay 22995 ms, IGT 1:54:26.441, RTA 3:09:07.206-3:09:30.201
Tick 137380(137357), Delay 16856 ms, IGT 1:54:27.641, RTA 3:09:31.351-3:09:48.207
Tick 137399(137376), Delay 10962 ms, IGT 1:54:28.591, RTA 3:09:49.110-3:10:00.072
Tick 137418(137395), Delay 1132 ms, IGT 1:54:29.541, RTA 3:10:00.973-3:10:02.105
Tick 137430(137407), Delay 665 ms, IGT 1:54:30.141, RTA 3:10:02.657-3:10:03.322
Tick 137565(137542), Delay 45 ms, IGT 1:54:36.891, RTA 3:10:10.024-3:10:10.069
Tick 137592(137569), Delay 45 ms, IGT 1:54:38.241, RTA 3:10:11.374-3:10:11.419
Tick 137999(137976), Delay 5111 ms, IGT 1:54:58.591, RTA 3:10:31.720-3:10:36.831
Tick 138154(138131), Delay 7371 ms, IGT 1:55:06.341, RTA 3:10:44.533-3:10:51.904
Tick 138246(138223), Delay 22401 ms, IGT 1:55:10.941, RTA 3:10:56.457-3:11:18.858
Tick 138295(138272), Delay 45 ms, IGT 1:55:13.391, RTA 3:11:21.259-3:11:21.304
Tick 138441(138418), Delay 541 ms, IGT 1:55:20.691, RTA 3:11:28.559-3:11:29.100
Tick 138499(138476), Delay 1155 ms, IGT 1:55:23.591, RTA 3:11:31.950-3:11:33.105
Tick 138523(138500), Delay 67 ms, IGT 1:55:24.791, RTA 3:11:34.257-3:11:34.324
Tick 138524(138501), Delay 32 ms, IGT 1:55:24.841, RTA 3:11:34.324-3:11:34.356
Tick 138534(138511), Delay 595 ms, IGT 1:55:25.341, RTA 3:11:34.805-3:11:35.400
Tick 138537(138513), Delay 161 ms, IGT 1:55:25.441, RTA 3:11:35.501-3:11:35.662
Tick 138538(138513), Delay 22507 ms, IGT 1:55:25.441, RTA 3:11:35.662-3:11:58.169
Tick 138539(138513), Delay 55 ms, IGT 1:55:25.441, RTA 3:11:58.169-3:11:58.224, due world load
Tick 138540(138514), Delay 29 ms, IGT 1:55:25.490, RTA 3:11:58.224-3:11:58.253
Tick 138542(138516), Delay 68 ms, IGT 1:55:25.590, RTA 3:11:58.302-3:11:58.370
Tick 138543(138517), Delay 33 ms, IGT 1:55:25.640, RTA 3:11:58.370-3:11:58.403
Tick 138995(138969), Delay 479 ms, IGT 1:55:48.240, RTA 3:12:20.954-3:12:21.433
Tick 139093(139067), Delay 460 ms, IGT 1:55:53.140, RTA 3:12:26.286-3:12:26.746
Tick 139255(139229), Delay 1557 ms, IGT 1:56:01.240, RTA 3:12:34.798-3:12:36.355
Tick 139261(139235), Delay 5864 ms, IGT 1:56:01.540, RTA 3:12:36.608-3:12:42.472
Tick 139278(139252), Delay 2711 ms, IGT 1:56:02.390, RTA 3:12:43.271-3:12:45.982
Tick 139283(139257), Delay 25947 ms, IGT 1:56:02.640, RTA 3:12:46.183-3:13:12.130
Tick 139478(139452), Delay 45 ms, IGT 1:56:12.390, RTA 3:13:21.834-3:13:21.879
Tick 139545(139519), Delay 45 ms, IGT 1:56:15.740, RTA 3:13:25.184-3:13:25.229
Tick 139865(139839), Delay 27497 ms, IGT 1:56:31.740, RTA 3:13:41.183-3:14:08.680
Tick 139962(139936), Delay 45 ms, IGT 1:56:36.590, RTA 3:14:13.484-3:14:13.529
Tick 139973(139947), Delay 60 ms, IGT 1:56:37.140, RTA 3:14:14.030-3:14:14.090
Tick 139974(139948), Delay 39 ms, IGT 1:56:37.190, RTA 3:14:14.090-3:14:14.129
Tick 140392(140366), Delay 55 ms, IGT 1:56:58.090, RTA 3:14:34.979-3:14:35.034
Tick 140396(140370), Delay 55 ms, IGT 1:56:58.290, RTA 3:14:35.178-3:14:35.233
Tick 140413(140387), Delay 55 ms, IGT 1:56:59.140, RTA 3:14:36.028-3:14:36.083
Tick 140417(140391), Delay 724 ms, IGT 1:56:59.340, RTA 3:14:36.232-3:14:36.956
Tick 140423(140397), Delay 355 ms, IGT 1:56:59.640, RTA 3:14:37.207-3:14:37.562
Tick 140428(140402), Delay 8351 ms, IGT 1:56:59.890, RTA 3:14:37.762-3:14:46.113
Tick 140630(140604), Delay 9914 ms, IGT 1:57:09.990, RTA 3:14:56.163-3:15:06.077
Tick 140639(140613), Delay 416 ms, IGT 1:57:10.440, RTA 3:15:06.476-3:15:06.892
Tick 140642(140616), Delay 1779 ms, IGT 1:57:10.590, RTA 3:15:06.993-3:15:08.772
Tick 140687(140660), Delay 878 ms, IGT 1:57:12.790, RTA 3:15:10.972-3:15:11.850
Tick 140688(140660), Delay 180013 ms, IGT 1:57:12.790, RTA 3:15:11.850-3:18:11.863
Tick 140689(140661), Delay 62 ms, IGT 1:57:12.792, RTA 3:18:11.863-3:18:11.925
Tick 140690(140662), Delay 0 ms, IGT 1:57:12.842, RTA 3:18:11.925-3:18:11.925
Tick 140691(140663), Delay 43 ms, IGT 1:57:12.892, RTA 3:18:11.925-3:18:11.968
Tick 140767(140739), Delay 6608 ms, IGT 1:57:16.692, RTA 3:18:15.721-3:18:22.329
Tick 140774(140745), Delay 511 ms, IGT 1:57:16.992, RTA 3:18:22.626-3:18:23.137
Tick 140775(140745), Delay 12117 ms, IGT 1:57:16.992, RTA 3:18:23.137-3:18:35.254
Tick 140777(140746), Delay 16 ms, IGT 1:57:17.030, RTA 3:18:35.308-3:18:35.324
Tick 140794(140763), Delay 12268 ms, IGT 1:57:17.880, RTA 3:18:36.123-3:18:48.391
Tick 140814(140783), Delay 1318 ms, IGT 1:57:18.880, RTA 3:18:49.344-3:18:50.662
Tick 141223(141192), Delay 509 ms, IGT 1:57:39.330, RTA 3:19:11.060-3:19:11.569
Tick 141237(141206), Delay 5541 ms, IGT 1:57:40.030, RTA 3:19:12.220-3:19:17.761
Tick 141313(141282), Delay 1253 ms, IGT 1:57:43.830, RTA 3:19:21.509-3:19:22.762
Tick 141326(141295), Delay 1056 ms, IGT 1:57:44.480, RTA 3:19:23.361-3:19:24.417
Tick 141335(141304), Delay 395 ms, IGT 1:57:44.930, RTA 3:19:24.819-3:19:25.214
Tick 141592(141561), Delay 69 ms, IGT 1:57:57.780, RTA 3:19:38.015-3:19:38.084
Tick 141593(141562), Delay 32 ms, IGT 1:57:57.830, RTA 3:19:38.084-3:19:38.116
Tick 141603(141572), Delay 498 ms, IGT 1:57:58.330, RTA 3:19:38.563-3:19:39.061
Tick 141607(141575), Delay 436 ms, IGT 1:57:58.480, RTA 3:19:39.212-3:19:39.648
Tick 141608(141575), Delay 184854 ms, IGT 1:57:58.480, RTA 3:19:39.648-3:22:44.502
Tick 141609(141576), Delay 60 ms, IGT 1:57:58.488, RTA 3:22:44.502-3:22:44.562
Tick 141610(141577), Delay 4 ms, IGT 1:57:58.538, RTA 3:22:44.562-3:22:44.566
Tick 142022(141989), Delay 766 ms, IGT 1:58:19.138, RTA 3:23:05.118-3:23:05.884
Tick 142035(142002), Delay 28801 ms, IGT 1:58:19.788, RTA 3:23:06.483-3:23:35.284
Tick 142630(142597), Delay 5775 ms, IGT 1:58:49.538, RTA 3:24:04.988-3:24:10.763
Tick 142643(142610), Delay 5446 ms, IGT 1:58:50.188, RTA 3:24:11.361-3:24:16.807
Tick 143036(143003), Delay 1902 ms, IGT 1:59:09.838, RTA 3:24:36.407-3:24:38.309
Tick 143083(143050), Delay 1150 ms, IGT 1:59:12.188, RTA 3:24:40.612-3:24:41.762
Tick 143168(143135), Delay 55 ms, IGT 1:59:16.438, RTA 3:24:45.961-3:24:46.016
Tick 143288(143255), Delay 408 ms, IGT 1:59:22.438, RTA 3:24:51.964-3:24:52.372
Tick 144205(144172), Delay 1856 ms, IGT 2:00:08.288, RTA 3:25:38.175-3:25:40.031
Tick 144214(144181), Delay 1504 ms, IGT 2:00:08.738, RTA 3:25:40.436-3:25:41.940
Tick 144224(144191), Delay 1129 ms, IGT 2:00:09.238, RTA 3:25:42.389-3:25:43.518
Tick 144255(144222), Delay 1570 ms, IGT 2:00:10.788, RTA 3:25:45.020-3:25:46.590
Tick 144373(144340), Delay 4698 ms, IGT 2:00:16.688, RTA 3:25:52.443-3:25:57.141
Tick 144551(144518), Delay 1818 ms, IGT 2:00:25.588, RTA 3:26:05.992-3:26:07.810
Tick 144603(144570), Delay 1208 ms, IGT 2:00:28.188, RTA 3:26:10.362-3:26:11.570
Tick 144673(144640), Delay 709 ms, IGT 2:00:31.688, RTA 3:26:15.021-3:26:15.730
Tick 144705(144672), Delay 29901 ms, IGT 2:00:33.288, RTA 3:26:17.281-3:26:47.182
Tick 144744(144711), Delay 523 ms, IGT 2:00:35.238, RTA 3:26:49.083-3:26:49.606
Tick 144777(144744), Delay 15539 ms, IGT 2:00:36.888, RTA 3:26:51.207-3:27:06.746
Tick 144978(144945), Delay 6233 ms, IGT 2:00:46.938, RTA 3:27:16.747-3:27:22.980
Tick 145049(145016), Delay 8419 ms, IGT 2:00:50.488, RTA 3:27:26.483-3:27:34.902
Tick 145083(145050), Delay 13414 ms, IGT 2:00:52.188, RTA 3:27:36.555-3:27:49.969
Tick 145150(145117), Delay 8202 ms, IGT 2:00:55.538, RTA 3:27:53.269-3:28:01.471
Tick 145184(145151), Delay 1771 ms, IGT 2:00:57.238, RTA 3:28:03.122-3:28:04.893
Tick 145331(145298), Delay 60 ms, IGT 2:01:04.588, RTA 3:28:12.192-3:28:12.252
Tick 145332(145299), Delay 40 ms, IGT 2:01:04.638, RTA 3:28:12.252-3:28:12.292
Tick 145655(145622), Delay 3413 ms, IGT 2:01:20.788, RTA 3:28:28.393-3:28:31.806
Tick 145741(145708), Delay 2714 ms, IGT 2:01:25.088, RTA 3:28:36.053-3:28:38.767
Tick 145744(145711), Delay 400 ms, IGT 2:01:25.238, RTA 3:28:38.867-3:28:39.267
Tick 145759(145726), Delay 3876 ms, IGT 2:01:25.988, RTA 3:28:39.968-3:28:43.844
Tick 145788(145755), Delay 1249 ms, IGT 2:01:27.438, RTA 3:28:45.243-3:28:46.492
Tick 145836(145803), Delay 10798 ms, IGT 2:01:29.838, RTA 3:28:48.840-3:28:59.638
Tick 145845(145812), Delay 65 ms, IGT 2:01:30.288, RTA 3:29:00.039-3:29:00.104
Tick 145846(145813), Delay 36 ms, IGT 2:01:30.338, RTA 3:29:00.104-3:29:00.140
Tick 145861(145828), Delay 55 ms, IGT 2:01:31.088, RTA 3:29:00.839-3:29:00.894
Tick 146003(145970), Delay 2968 ms, IGT 2:01:38.188, RTA 3:29:07.943-3:29:10.911
Tick 146035(146002), Delay 3659 ms, IGT 2:01:39.788, RTA 3:29:12.463-3:29:16.122
Tick 146042(146009), Delay 45 ms, IGT 2:01:40.138, RTA 3:29:16.425-3:29:16.470
Tick 146056(146023), Delay 5107 ms, IGT 2:01:40.838, RTA 3:29:17.125-3:29:22.232
Tick 146124(146091), Delay 55 ms, IGT 2:01:44.238, RTA 3:29:25.581-3:29:25.636
Tick 146151(146118), Delay 55 ms, IGT 2:01:45.588, RTA 3:29:26.931-3:29:26.986
Tick 146221(146188), Delay 18184 ms, IGT 2:01:49.088, RTA 3:29:30.434-3:29:48.618
Tick 146394(146361), Delay 55 ms, IGT 2:01:57.738, RTA 3:29:57.215-3:29:57.270
Tick 146490(146457), Delay 483 ms, IGT 2:02:02.538, RTA 3:30:02.018-3:30:02.501
Tick 146543(146510), Delay 8197 ms, IGT 2:02:05.188, RTA 3:30:05.102-3:30:13.299
Tick 146569(146536), Delay 45 ms, IGT 2:02:06.488, RTA 3:30:14.553-3:30:14.598
Tick 147383(147350), Delay 55 ms, IGT 2:02:47.188, RTA 3:30:55.248-3:30:55.303
Tick 147479(147446), Delay 55 ms, IGT 2:02:51.988, RTA 3:31:00.048-3:31:00.103
Tick 148232(148199), Delay 55 ms, IGT 2:03:29.638, RTA 3:31:37.699-3:31:37.754
Tick 148446(148413), Delay 55 ms, IGT 2:03:40.338, RTA 3:31:48.398-3:31:48.453
Tick 149007(148974), Delay 55 ms, IGT 2:04:08.388, RTA 3:32:16.448-3:32:16.503
Tick 149504(149471), Delay 678 ms, IGT 2:04:33.238, RTA 3:32:41.299-3:32:41.977
Tick 150197(150164), Delay 45 ms, IGT 2:05:07.888, RTA 3:33:16.582-3:33:16.627
Tick 150273(150240), Delay 856 ms, IGT 2:05:11.688, RTA 3:33:20.382-3:33:21.238
Tick 150278(150245), Delay 22620 ms, IGT 2:05:11.938, RTA 3:33:21.439-3:33:44.059
Tick 150807(150774), Delay 522 ms, IGT 2:05:38.388, RTA 3:34:10.459-3:34:10.981
Tick 150968(150935), Delay 1544 ms, IGT 2:05:46.438, RTA 3:34:18.980-3:34:20.524
Tick 151031(150998), Delay 2387 ms, IGT 2:05:49.588, RTA 3:34:23.625-3:34:26.012
Tick 151051(151018), Delay 10357 ms, IGT 2:05:50.588, RTA 3:34:26.963-3:34:37.320
Tick 151140(151107), Delay 407 ms, IGT 2:05:55.038, RTA 3:34:41.723-3:34:42.130
Tick 151151(151118), Delay 17675 ms, IGT 2:05:55.588, RTA 3:34:42.632-3:35:00.307
Tick 151290(151257), Delay 55 ms, IGT 2:06:02.538, RTA 3:35:07.208-3:35:07.263
Tick 151625(151592), Delay 11776 ms, IGT 2:06:19.288, RTA 3:35:23.959-3:35:35.735
Tick 151870(151837), Delay 4659 ms, IGT 2:06:31.538, RTA 3:35:47.937-3:35:52.596
Tick 151967(151934), Delay 55 ms, IGT 2:06:36.388, RTA 3:35:57.394-3:35:57.449
Tick 152007(151974), Delay 1162 ms, IGT 2:06:38.388, RTA 3:35:59.397-3:36:00.559
Tick 152022(151989), Delay 2062 ms, IGT 2:06:39.138, RTA 3:36:01.258-3:36:03.320
Tick 152174(152141), Delay 2443 ms, IGT 2:06:46.738, RTA 3:36:10.873-3:36:13.316
Tick 152183(152150), Delay 55 ms, IGT 2:06:47.188, RTA 3:36:13.716-3:36:13.771
Tick 152185(152152), Delay 45 ms, IGT 2:06:47.288, RTA 3:36:13.820-3:36:13.865
Tick 152204(152171), Delay 6961 ms, IGT 2:06:48.238, RTA 3:36:14.769-3:36:21.730
Tick 152255(152222), Delay 705 ms, IGT 2:06:50.788, RTA 3:36:24.233-3:36:24.938
Tick 152261(152228), Delay 1653 ms, IGT 2:06:51.088, RTA 3:36:25.190-3:36:26.843
Tick 152272(152239), Delay 768 ms, IGT 2:06:51.638, RTA 3:36:27.344-3:36:28.112
Tick 152276(152243), Delay 1067 ms, IGT 2:06:51.838, RTA 3:36:28.262-3:36:29.329
Tick 152289(152256), Delay 17809 ms, IGT 2:06:52.488, RTA 3:36:29.931-3:36:47.740
Tick 152595(152562), Delay 26465 ms, IGT 2:07:07.788, RTA 3:37:02.991-3:37:29.456
Tick 152759(152726), Delay 65 ms, IGT 2:07:15.988, RTA 3:37:37.607-3:37:37.672
Tick 152760(152727), Delay 34 ms, IGT 2:07:16.038, RTA 3:37:37.672-3:37:37.706
Tick 152776(152743), Delay 65 ms, IGT 2:07:16.838, RTA 3:37:38.457-3:37:38.522
Tick 152777(152744), Delay 33 ms, IGT 2:07:16.888, RTA 3:37:38.522-3:37:38.555
Tick 152795(152762), Delay 45 ms, IGT 2:07:17.788, RTA 3:37:39.410-3:37:39.455
Tick 152813(152780), Delay 73 ms, IGT 2:07:18.688, RTA 3:37:40.308-3:37:40.381
Tick 152814(152781), Delay 25 ms, IGT 2:07:18.738, RTA 3:37:40.381-3:37:40.406
Tick 152830(152797), Delay 55 ms, IGT 2:07:19.538, RTA 3:37:41.156-3:37:41.211
Tick 152831(152798), Delay 43 ms, IGT 2:07:19.588, RTA 3:37:41.211-3:37:41.254
Tick 153015(152982), Delay 55 ms, IGT 2:07:28.788, RTA 3:37:50.404-3:37:50.459
Tick 153127(153094), Delay 55 ms, IGT 2:07:34.388, RTA 3:37:56.004-3:37:56.059
Tick 153225(153192), Delay 55 ms, IGT 2:07:39.288, RTA 3:38:00.904-3:38:00.959
Tick 153281(153248), Delay 55 ms, IGT 2:07:42.088, RTA 3:38:03.704-3:38:03.759
Tick 153297(153264), Delay 45 ms, IGT 2:07:42.888, RTA 3:38:04.509-3:38:04.554
Tick 153422(153389), Delay 55 ms, IGT 2:07:49.138, RTA 3:38:10.754-3:38:10.809
Tick 153958(153925), Delay 78 ms, IGT 2:08:15.938, RTA 3:38:37.554-3:38:37.632
Tick 153959(153926), Delay 25 ms, IGT 2:08:15.988, RTA 3:38:37.632-3:38:37.657
Tick 153976(153942), Delay 313 ms, IGT 2:08:16.788, RTA 3:38:38.457-3:38:38.770
Tick 153977(153942), Delay 52493 ms, IGT 2:08:16.788, RTA 3:38:38.770-3:39:31.263
Tick 153978(153942), Delay 55 ms, IGT 2:08:16.788, RTA 3:39:31.263-3:39:31.318, due world load
Tick 153979(153943), Delay 20 ms, IGT 2:08:16.826, RTA 3:39:31.318-3:39:31.338
Tick 154106(154070), Delay 1271 ms, IGT 2:08:23.176, RTA 3:39:37.639-3:39:38.910
Tick 154250(154214), Delay 2365 ms, IGT 2:08:30.376, RTA 3:39:46.061-3:39:48.426
Tick 154328(154292), Delay 1439 ms, IGT 2:08:34.276, RTA 3:39:52.279-3:39:53.718
Tick 154334(154298), Delay 403 ms, IGT 2:08:34.576, RTA 3:39:53.971-3:39:54.374
Tick 154381(154345), Delay 855 ms, IGT 2:08:36.926, RTA 3:39:56.676-3:39:57.531
Tick 154412(154376), Delay 1152 ms, IGT 2:08:38.476, RTA 3:39:59.029-3:40:00.181
Tick 154474(154438), Delay 953 ms, IGT 2:08:41.576, RTA 3:40:03.231-3:40:04.184
Tick 154480(154444), Delay 809 ms, IGT 2:08:41.876, RTA 3:40:04.434-3:40:05.243
Tick 154502(154466), Delay 1219 ms, IGT 2:08:42.976, RTA 3:40:06.293-3:40:07.512
Tick 154572(154536), Delay 818 ms, IGT 2:08:46.476, RTA 3:40:10.962-3:40:11.780
Tick 154663(154627), Delay 2416 ms, IGT 2:08:51.026, RTA 3:40:16.279-3:40:18.695
Tick 154683(154647), Delay 742 ms, IGT 2:08:52.026, RTA 3:40:19.643-3:40:20.385
Tick 154706(154670), Delay 2650 ms, IGT 2:08:53.176, RTA 3:40:21.485-3:40:24.135
Tick 154835(154799), Delay 17812 ms, IGT 2:08:59.626, RTA 3:40:30.537-3:40:48.349
Tick 155074(155038), Delay 18665 ms, IGT 2:09:11.576, RTA 3:41:00.249-3:41:18.914
Tick 155377(155341), Delay 2896 ms, IGT 2:09:26.726, RTA 3:41:34.012-3:41:36.908
Tick 155389(155353), Delay 1224 ms, IGT 2:09:27.326, RTA 3:41:37.460-3:41:38.684
Tick 155398(155362), Delay 1061 ms, IGT 2:09:27.776, RTA 3:41:39.086-3:41:40.147
Tick 155506(155470), Delay 55 ms, IGT 2:09:33.176, RTA 3:41:45.496-3:41:45.551
Tick 155658(155622), Delay 1231 ms, IGT 2:09:40.776, RTA 3:41:53.097-3:41:54.328
Tick 155686(155650), Delay 470 ms, IGT 2:09:42.176, RTA 3:41:55.678-3:41:56.148
Tick 155704(155668), Delay 594 ms, IGT 2:09:43.076, RTA 3:41:57.001-3:41:57.595
Tick 155737(155701), Delay 336 ms, IGT 2:09:44.726, RTA 3:41:59.196-3:41:59.532
Tick 155820(155784), Delay 55 ms, IGT 2:09:48.876, RTA 3:42:03.628-3:42:03.683
Tick 156095(156059), Delay 1684 ms, IGT 2:10:02.626, RTA 3:42:17.381-3:42:19.065
Tick 156162(156126), Delay 2041 ms, IGT 2:10:05.976, RTA 3:42:22.364-3:42:24.405
Tick 156175(156139), Delay 55 ms, IGT 2:10:06.626, RTA 3:42:25.005-3:42:25.060
Tick 156176(156140), Delay 577 ms, IGT 2:10:06.676, RTA 3:42:25.060-3:42:25.637
Tick 156180(156144), Delay 2561 ms, IGT 2:10:06.876, RTA 3:42:25.788-3:42:28.349
Tick 156295(156259), Delay 10308 ms, IGT 2:10:12.626, RTA 3:42:34.051-3:42:44.359
Tick 156415(156379), Delay 55 ms, IGT 2:10:18.626, RTA 3:42:50.309-3:42:50.364
Tick 156416(156380), Delay 4808 ms, IGT 2:10:18.676, RTA 3:42:50.364-3:42:55.172
Tick 156555(156519), Delay 5523 ms, IGT 2:10:25.626, RTA 3:43:02.074-3:43:07.597
Tick 157076(157040), Delay 45 ms, IGT 2:10:51.676, RTA 3:43:33.597-3:43:33.642
Tick 157077(157041), Delay 55 ms, IGT 2:10:51.726, RTA 3:43:33.642-3:43:33.697
Tick 157497(157461), Delay 64 ms, IGT 2:11:12.726, RTA 3:43:54.642-3:43:54.706
Tick 157498(157462), Delay 40 ms, IGT 2:11:12.776, RTA 3:43:54.706-3:43:54.746
Tick 157704(157668), Delay 7306 ms, IGT 2:11:23.076, RTA 3:44:04.995-3:44:12.301
Tick 157902(157866), Delay 561 ms, IGT 2:11:32.976, RTA 3:44:22.151-3:44:22.712
Tick 158225(158189), Delay 55 ms, IGT 2:11:49.126, RTA 3:44:38.809-3:44:38.864
Tick 160043(160007), Delay 55 ms, IGT 2:13:20.026, RTA 3:46:09.709-3:46:09.764
Tick 160204(160168), Delay 45 ms, IGT 2:13:28.076, RTA 3:46:17.764-3:46:17.809
Tick 160274(160238), Delay 55 ms, IGT 2:13:31.576, RTA 3:46:21.259-3:46:21.314
Tick 160401(160365), Delay 45 ms, IGT 2:13:37.926, RTA 3:46:27.614-3:46:27.659
Tick 160537(160501), Delay 682 ms, IGT 2:13:44.726, RTA 3:46:34.414-3:46:35.096
Tick 160563(160527), Delay 3857 ms, IGT 2:13:46.026, RTA 3:46:36.346-3:46:40.203
Tick 160586(160550), Delay 86941 ms, IGT 2:13:47.176, RTA 3:46:41.303-3:48:08.244
Tick 160601(160565), Delay 108625 ms, IGT 2:13:47.926, RTA 3:48:08.946-3:49:57.571
Tick 160792(160756), Delay 10113 ms, IGT 2:13:57.476, RTA 3:50:07.073-3:50:17.186
Tick 160982(160946), Delay 92439 ms, IGT 2:14:06.976, RTA 3:50:26.635-3:51:59.074
Tick 161014(160978), Delay 18446 ms, IGT 2:14:08.576, RTA 3:52:00.625-3:52:19.071
Tick 161064(161028), Delay 83 ms, IGT 2:14:11.076, RTA 3:52:21.523-3:52:21.606
Tick 161065(161029), Delay 17 ms, IGT 2:14:11.126, RTA 3:52:21.606-3:52:21.623
Tick 161074(161038), Delay 3038 ms, IGT 2:14:11.576, RTA 3:52:22.022-3:52:25.060
Tick 161849(161813), Delay 55 ms, IGT 2:14:50.326, RTA 3:53:03.756-3:53:03.811
Tick 161950(161914), Delay 55 ms, IGT 2:14:55.376, RTA 3:53:08.806-3:53:08.861
Tick 162591(162555), Delay 27426 ms, IGT 2:15:27.426, RTA 3:53:40.859-3:54:08.285
Tick 162758(162722), Delay 77 ms, IGT 2:15:35.776, RTA 3:54:16.585-3:54:16.662
Tick 162759(162723), Delay 25 ms, IGT 2:15:35.826, RTA 3:54:16.662-3:54:16.687
Tick 162768(162732), Delay 9296 ms, IGT 2:15:36.276, RTA 3:54:17.084-3:54:26.380
Tick 162771(162735), Delay 43786 ms, IGT 2:15:36.426, RTA 3:54:26.481-3:55:10.267
Tick 162792(162756), Delay 139313 ms, IGT 2:15:37.476, RTA 3:55:11.270-3:57:30.583
Tick 163034(162998), Delay 55 ms, IGT 2:15:49.576, RTA 3:57:42.633-3:57:42.688
Tick 163188(163152), Delay 45 ms, IGT 2:15:57.276, RTA 3:57:50.338-3:57:50.383
Tick 163234(163198), Delay 24875 ms, IGT 2:15:59.576, RTA 3:57:52.634-3:58:17.509
Tick 163417(163381), Delay 2051 ms, IGT 2:16:08.726, RTA 3:58:26.611-3:58:28.662
Tick 163436(163400), Delay 425 ms, IGT 2:16:09.676, RTA 3:58:29.562-3:58:29.987
Tick 163443(163407), Delay 1713 ms, IGT 2:16:10.026, RTA 3:58:30.289-3:58:32.002
Tick 163450(163414), Delay 1582 ms, IGT 2:16:10.376, RTA 3:58:32.306-3:58:33.888
Tick 163743(163707), Delay 11456 ms, IGT 2:16:25.026, RTA 3:58:48.486-3:58:59.942
Tick 163798(163762), Delay 55 ms, IGT 2:16:27.776, RTA 3:59:02.639-3:59:02.694
Tick 163799(163763), Delay 801 ms, IGT 2:16:27.826, RTA 3:59:02.694-3:59:03.495
Tick 164130(164094), Delay 3027 ms, IGT 2:16:44.376, RTA 3:59:19.995-3:59:23.022
Tick 164137(164101), Delay 9969 ms, IGT 2:16:44.726, RTA 3:59:23.323-3:59:33.292
Tick 164241(164205), Delay 55 ms, IGT 2:16:49.926, RTA 3:59:38.439-3:59:38.494
Tick 164442(164406), Delay 1429 ms, IGT 2:16:59.976, RTA 3:59:48.493-3:59:49.922
Tick 164449(164413), Delay 10164 ms, IGT 2:17:00.326, RTA 3:59:50.224-4:00:00.388
Tick 164665(164629), Delay 575 ms, IGT 2:17:11.126, RTA 4:00:11.140-4:00:11.715
Tick 164670(164634), Delay 114777 ms, IGT 2:17:11.376, RTA 4:00:11.916-4:02:06.693
Tick 164681(164645), Delay 24813 ms, IGT 2:17:11.926, RTA 4:02:07.195-4:02:32.008
Tick 164698(164662), Delay 5317 ms, IGT 2:17:12.776, RTA 4:02:32.807-4:02:38.124
Tick 164721(164685), Delay 172499 ms, IGT 2:17:13.926, RTA 4:02:39.223-4:05:31.722
Tick 164729(164693), Delay 491 ms, IGT 2:17:14.326, RTA 4:05:32.073-4:05:32.564
Tick 164733(164697), Delay 20635 ms, IGT 2:17:14.526, RTA 4:05:32.713-4:05:53.348
Tick 164765(164729), Delay 2583 ms, IGT 2:17:16.126, RTA 4:05:54.899-4:05:57.482
Tick 165119(165083), Delay 55 ms, IGT 2:17:33.826, RTA 4:06:15.129-4:06:15.184
Tick 165278(165242), Delay 7797 ms, IGT 2:17:41.776, RTA 4:06:23.084-4:06:30.881
Tick 165284(165248), Delay 1106 ms, IGT 2:17:42.076, RTA 4:06:31.134-4:06:32.240
Tick 165304(165268), Delay 72 ms, IGT 2:17:43.076, RTA 4:06:33.189-4:06:33.261
Tick 165305(165269), Delay 29 ms, IGT 2:17:43.126, RTA 4:06:33.261-4:06:33.290
Tick 165314(165278), Delay 9450 ms, IGT 2:17:43.576, RTA 4:06:33.692-4:06:43.142
Tick 165361(165325), Delay 35997 ms, IGT 2:17:45.926, RTA 4:06:45.441-4:07:21.438
Tick 165395(165359), Delay 1326 ms, IGT 2:17:47.626, RTA 4:07:23.086-4:07:24.412
Tick 165412(165376), Delay 1167 ms, IGT 2:17:48.476, RTA 4:07:25.215-4:07:26.382
Tick 165462(165426), Delay 1467 ms, IGT 2:17:50.976, RTA 4:07:28.836-4:07:30.303
