common.enable_cheats 0 0
common.leave_world 24927 25005
common.rejoin_world 38564 25005
rsg.obtain_obsidian 261466 246110
common.leave_world 1868664 1559860
common.rejoin_world 1876228 1559860
common.leave_world 2108962 1731557
common.rejoin_world 2454443 1731557
common.leave_world 2684549 1869740
common.rejoin_world 2707523 1869740
common.leave_world 2858120 1938951
common.rejoin_world 2882550 1938951
rsg.obtain_lava_bucket 4623870 3485138
common.leave_world 8310094 5305438
common.rejoin_world 8317525 5305438
common.leave_world 11013265 6804992
common.rejoin_world 11264192 6804992
common.leave_world 11495662 6925441
common.rejoin_world 11517935 6925441
common.leave_world 11711850 7032790
common.rejoin_world 11891642 7032790
common.leave_world 11903137 7036992
common.rejoin_world 11915037 7036992
common.leave_world 11979648 7078480
common.rejoin_world 12164284 7078480
rsg.obtain_iron_pickaxe 12674139 7385988
common.leave_world 13118770 7696788
common.rejoin_world 13171047 7696788
rsg.enter_nether 17234635 9878376
common.leave_world 17682828 9899830
common.rejoin_world 17847112 9899830
common.leave_world 18043646 10053304
common.rejoin_world 18056276 10053304
common.leave_world 18300391 10296949
common.rejoin_world 18318812 10296949
common.leave_world 19251630 11094668
common.rejoin_world 19264866 11094668
common.leave_world 19579993 11323310
common.rejoin_world 19585254 11323310
common.leave_world 19936136 11591502
common.rejoin_world 19950948 11591502
common.leave_world 20854496 12395469
common.rejoin_world 21358034 12395469
common.leave_world 21389376 12426316
